#
# There is insufficient memory for the Java Runtime Environment to continue.
# Native memory allocation (mmap) failed to map 65536 bytes. Error detail: Failed to commit metaspace.
# Possible reasons:
#   The system is out of physical RAM or swap space
#   This process is running with CompressedOops enabled, and the Java Heap may be blocking the growth of the native heap
# Possible solutions:
#   Reduce memory load on the system
#   Increase physical memory or swap space
#   Check if swap backing store is full
#   Decrease Java heap size (-Xmx/-Xms)
#   Decrease number of Java threads
#   Decrease Java thread stack sizes (-Xss)
#   Set larger code cache with -XX:ReservedCodeCacheSize=
#   JVM is running with Unscaled Compressed Oops mode in which the Java heap is
#     placed in the first 4GB address space. The Java Heap base address is the
#     maximum limit for the native heap growth. Please use -XX:HeapBaseMinAddress
#     to set the Java Heap base and to place the Java Heap above 4GB virtual address.
# This output file may be truncated or incomplete.
#
#  Out of Memory Error (virtualSpaceNode.cpp:110), pid=15488, tid=25196
#
# JRE version: OpenJDK Runtime Environment Temurin-17.0.12+7 (17.0.12+7) (build 17.0.12+7)
# Java VM: OpenJDK 64-Bit Server VM Temurin-17.0.12+7 (17.0.12+7, mixed mode, tiered, compressed oops, compressed class ptrs, parallel gc, windows-amd64)
# No core dump will be written. Minidumps are not enabled by default on client versions of Windows
#

---------------  S U M M A R Y ------------

Command Line: --add-modules=ALL-SYSTEM --add-opens=java.base/java.util=ALL-UNNAMED --add-opens=java.base/java.lang=ALL-UNNAMED --add-opens=java.base/sun.nio.fs=ALL-UNNAMED -Declipse.application=org.eclipse.jdt.ls.core.id1 -Dosgi.bundles.defaultStartLevel=4 -Declipse.product=org.eclipse.jdt.ls.core.product -Djava.import.generatesMetadataFilesAtProjectRoot=false -DDetectVMInstallationsJob.disabled=true -Dfile.encoding=utf8 -XX:+UseParallelGC -XX:GCTimeRatio=4 -XX:AdaptiveSizePolicyWeight=90 -Dsun.zip.disableMemoryMapping=true -Xmx1G -Xms100m -Xlog:disable -javaagent:c:\Users\usuario\.vscode\extensions\redhat.java-1.35.1-win32-x64\lombok\lombok-1.18.33.jar -XX:+HeapDumpOnOutOfMemoryError -XX:HeapDumpPath=c:\Users\usuario\AppData\Roaming\Code\User\workspaceStorage\91eddcfc368a2e979996f6611481c50e\redhat.java -Daether.dependencyCollector.impl=bf c:\Users\usuario\.vscode\extensions\redhat.java-1.35.1-win32-x64\server\plugins\org.eclipse.equinox.launcher_1.6.900.v20240613-2009.jar -configuration c:\Users\usuario\AppData\Roaming\Code\User\globalStorage\redhat.java\1.35.1\config_win -data c:\Users\usuario\AppData\Roaming\Code\User\workspaceStorage\91eddcfc368a2e979996f6611481c50e\redhat.java\jdt_ws --pipe=\\.\pipe\lsp-f7dba8698bfc412c71f4c48a42e6b63f-sock

Host: 11th Gen Intel(R) Core(TM) i5-1135G7 @ 2.40GHz, 8 cores, 11G,  Windows 11 , 64 bit Build 22621 (10.0.22621.3958)
Time: Wed Oct  2 18:27:54 2024 Hora est. Pacífico, Sudamérica elapsed time: 0.999967 seconds (0d 0h 0m 0s)

---------------  T H R E A D  ---------------

Current thread (0x00000272864eb340):  JavaThread "main" [_thread_in_vm, id=25196, stack(0x000000c124100000,0x000000c124200000)]

Stack: [0x000000c124100000,0x000000c124200000]
Native frames: (J=compiled Java code, j=interpreted, Vv=VM code, C=native code)
V  [jvm.dll+0x67f929]
V  [jvm.dll+0x8371ba]
V  [jvm.dll+0x838c7e]
V  [jvm.dll+0x8392e3]
V  [jvm.dll+0x24834f]
V  [jvm.dll+0x832e6d]
V  [jvm.dll+0x623e9e]
V  [jvm.dll+0x623f0a]
V  [jvm.dll+0x626724]
V  [jvm.dll+0x624846]
V  [jvm.dll+0x23c6df]
V  [jvm.dll+0x62e735]
V  [jvm.dll+0x1ebe7b]
V  [jvm.dll+0x1ec3b5]
V  [jvm.dll+0x1ece72]
V  [jvm.dll+0x1e2261]
V  [jvm.dll+0x54468e]
V  [jvm.dll+0x1f2ce7]
V  [jvm.dll+0x7b056b]
V  [jvm.dll+0x7b1939]
V  [jvm.dll+0x7b21b3]
V  [jvm.dll+0x1ed134]
V  [jvm.dll+0x1e227a]
V  [jvm.dll+0x54468e]
V  [jvm.dll+0x1f2ce7]
V  [jvm.dll+0x7b056b]
V  [jvm.dll+0x7b1939]
V  [jvm.dll+0x7b1c88]
V  [jvm.dll+0x418c89]
C  [java.dll+0x13e9]

Java frames: (J=compiled Java code, j=interpreted, Vv=VM code)
j  java.lang.Class.forName0(Ljava/lang/String;ZLjava/lang/ClassLoader;Ljava/lang/Class;)Ljava/lang/Class;+0 java.base@17.0.12
j  java.lang.Class.forName(Ljava/lang/String;)Ljava/lang/Class;+11 java.base@17.0.12
j  java.security.Provider$Service.getImplClass()Ljava/lang/Class;+64 java.base@17.0.12
j  java.security.Provider$Service.getDefaultConstructor()Ljava/lang/reflect/Constructor;+46 java.base@17.0.12
j  java.security.Provider$Service.newInstanceOf()Ljava/lang/Object;+1 java.base@17.0.12
j  java.security.Provider$Service.newInstanceUtil(Ljava/lang/Class;Ljava/lang/Object;)Ljava/lang/Object;+5 java.base@17.0.12
j  java.security.Provider$Service.newInstance(Ljava/lang/Object;)Ljava/lang/Object;+227 java.base@17.0.12
j  sun.security.jca.GetInstance.getInstance(Ljava/security/Provider$Service;Ljava/lang/Class;)Lsun/security/jca/GetInstance$Instance;+2 java.base@17.0.12
j  sun.security.jca.GetInstance.getInstance(Ljava/lang/String;Ljava/lang/Class;Ljava/lang/String;)Lsun/security/jca/GetInstance$Instance;+56 java.base@17.0.12
j  java.security.MessageDigest.getInstance(Ljava/lang/String;)Ljava/security/MessageDigest;+12 java.base@17.0.12
j  sun.security.pkcs.SignerInfo.verify(Lsun/security/pkcs/PKCS7;[B)Lsun/security/pkcs/SignerInfo;+306 java.base@17.0.12
j  sun.security.pkcs.PKCS7.verify(Lsun/security/pkcs/SignerInfo;[B)Lsun/security/pkcs/SignerInfo;+3 java.base@17.0.12
j  sun.security.pkcs.PKCS7.verify([B)[Lsun/security/pkcs/SignerInfo;+27 java.base@17.0.12
j  sun.security.pkcs.SignerInfo.getTimestamp()Ljava/security/Timestamp;+45 java.base@17.0.12
j  sun.security.pkcs.SignerInfo.verify(Lsun/security/pkcs/PKCS7;[B)Lsun/security/pkcs/SignerInfo;+3 java.base@17.0.12
j  sun.security.pkcs.PKCS7.verify(Lsun/security/pkcs/SignerInfo;[B)Lsun/security/pkcs/SignerInfo;+3 java.base@17.0.12
j  sun.security.pkcs.PKCS7.verify([B)[Lsun/security/pkcs/SignerInfo;+27 java.base@17.0.12
j  sun.security.util.SignatureFileVerifier.processImpl(Ljava/util/Hashtable;Ljava/util/List;Ljava/lang/String;)V+63 java.base@17.0.12
j  sun.security.util.SignatureFileVerifier.process(Ljava/util/Hashtable;Ljava/util/List;Ljava/lang/String;)V+12 java.base@17.0.12
j  java.util.jar.JarVerifier.processEntry(Lsun/security/util/ManifestEntryVerifier;)V+400 java.base@17.0.12
j  java.util.jar.JarVerifier.update(I[BIILsun/security/util/ManifestEntryVerifier;)V+39 java.base@17.0.12
j  java.util.jar.JarFile.initializeVerifier()V+163 java.base@17.0.12
j  java.util.jar.JarFile.ensureInitialization()V+41 java.base@17.0.12
j  java.util.jar.JavaUtilJarAccessImpl.ensureInitialization(Ljava/util/jar/JarFile;)V+1 java.base@17.0.12
j  jdk.internal.loader.URLClassPath$JarLoader$2.getManifest()Ljava/util/jar/Manifest;+10 java.base@17.0.12
j  jdk.internal.loader.BuiltinClassLoader.defineClass(Ljava/lang/String;Ljdk/internal/loader/Resource;)Ljava/lang/Class;+29 java.base@17.0.12
j  jdk.internal.loader.BuiltinClassLoader.findClassOnClassPathOrNull(Ljava/lang/String;)Ljava/lang/Class;+37 java.base@17.0.12
j  jdk.internal.loader.BuiltinClassLoader.loadClassOrNull(Ljava/lang/String;Z)Ljava/lang/Class;+111 java.base@17.0.12
j  jdk.internal.loader.BuiltinClassLoader.loadClass(Ljava/lang/String;Z)Ljava/lang/Class;+3 java.base@17.0.12
j  jdk.internal.loader.ClassLoaders$AppClassLoader.loadClass(Ljava/lang/String;Z)Ljava/lang/Class;+36 java.base@17.0.12
j  java.lang.ClassLoader.loadClass(Ljava/lang/String;)Ljava/lang/Class;+3 java.base@17.0.12
v  ~StubRoutines::call_stub
j  java.lang.Class.forName0(Ljava/lang/String;ZLjava/lang/ClassLoader;Ljava/lang/Class;)Ljava/lang/Class;+0 java.base@17.0.12
j  java.lang.Class.forName(Ljava/lang/String;ZLjava/lang/ClassLoader;)Ljava/lang/Class;+43 java.base@17.0.12
j  sun.launcher.LauncherHelper.loadMainClass(ILjava/lang/String;)Ljava/lang/Class;+95 java.base@17.0.12
j  sun.launcher.LauncherHelper.checkAndLoadMain(ZILjava/lang/String;)Ljava/lang/Class;+42 java.base@17.0.12
v  ~StubRoutines::call_stub

---------------  P R O C E S S  ---------------

Threads class SMR info:
_java_thread_list=0x00000272a25539c0, length=13, elements={
0x00000272864eb340, 0x000002729c2cb730, 0x000002729c2cdaa0, 0x00000272a15a8580,
0x00000272a15c62a0, 0x00000272a15c76a0, 0x00000272a15ca8b0, 0x00000272a15cf200,
0x00000272a15dd8e0, 0x00000272a15d33c0, 0x00000272a1651420, 0x00000272a179c350,
0x00000272a195e9a0
}

Java Threads: ( => current thread )
=>0x00000272864eb340 JavaThread "main" [_thread_in_vm, id=25196, stack(0x000000c124100000,0x000000c124200000)]
  0x000002729c2cb730 JavaThread "Reference Handler" daemon [_thread_blocked, id=6452, stack(0x000000c124400000,0x000000c124500000)]
  0x000002729c2cdaa0 JavaThread "Finalizer" daemon [_thread_blocked, id=5268, stack(0x000000c124500000,0x000000c124600000)]
  0x00000272a15a8580 JavaThread "Signal Dispatcher" daemon [_thread_blocked, id=29064, stack(0x000000c124600000,0x000000c124700000)]
  0x00000272a15c62a0 JavaThread "Attach Listener" daemon [_thread_blocked, id=20700, stack(0x000000c124700000,0x000000c124800000)]
  0x00000272a15c76a0 JavaThread "Service Thread" daemon [_thread_blocked, id=28660, stack(0x000000c124800000,0x000000c124900000)]
  0x00000272a15ca8b0 JavaThread "Monitor Deflation Thread" daemon [_thread_blocked, id=2676, stack(0x000000c124900000,0x000000c124a00000)]
  0x00000272a15cf200 JavaThread "C2 CompilerThread0" daemon [_thread_blocked, id=14352, stack(0x000000c124a00000,0x000000c124b00000)]
  0x00000272a15dd8e0 JavaThread "C1 CompilerThread0" daemon [_thread_blocked, id=24048, stack(0x000000c124b00000,0x000000c124c00000)]
  0x00000272a15d33c0 JavaThread "Sweeper thread" daemon [_thread_blocked, id=2392, stack(0x000000c124c00000,0x000000c124d00000)]
  0x00000272a1651420 JavaThread "Common-Cleaner" daemon [_thread_blocked, id=28800, stack(0x000000c124d00000,0x000000c124e00000)]
  0x00000272a179c350 JavaThread "C2 CompilerThread1" daemon [_thread_in_native, id=18720, stack(0x000000c124e00000,0x000000c124f00000)]
  0x00000272a195e9a0 JavaThread "Notification Thread" daemon [_thread_blocked, id=28624, stack(0x000000c124f00000,0x000000c125000000)]

Other Threads:
  0x00000272a1580c20 VMThread "VM Thread" [stack: 0x000000c124300000,0x000000c124400000] [id=16804]
  0x00000272a255e0c0 WatcherThread [stack: 0x000000c125000000,0x000000c125100000] [id=15712]
  0x0000027286500b30 GCTaskThread "GC Thread#0" [stack: 0x000000c124200000,0x000000c124300000] [id=26456]

Threads with active compile tasks:
C2 CompilerThread1     1030  526       4       java.util.Collections$UnmodifiableCollection::iterator (9 bytes)

VM state: not at safepoint (normal execution)

VM Mutex/Monitor currently owned by a thread:  ([mutex/lock_event])
[0x00000272864e63c0] Metaspace_lock - owner thread: 0x00000272864eb340

Heap address: 0x00000000c0000000, size: 1024 MB, Compressed Oops mode: 32-bit

CDS archive(s) not mapped
Compressed class space mapped at: 0x0000000100000000-0x0000000140000000, reserved size: 1073741824
Narrow klass base: 0x0000000000000000, Narrow klass shift: 3, Narrow klass range: 0x140000000

GC Precious Log:
 CPUs: 8 total, 8 available
 Memory: 12010M
 Large Page Support: Disabled
 NUMA Support: Disabled
 Compressed Oops: Enabled (32-bit)
 Alignments: Space 512K, Generation 512K, Heap 2M
 Heap Min Capacity: 100M
 Heap Initial Capacity: 100M
 Heap Max Capacity: 1G
 Pre-touch: Disabled
 Parallel Workers: 8

Heap:
 PSYoungGen      total 29696K, used 11870K [0x00000000eab00000, 0x00000000ecc00000, 0x0000000100000000)
  eden space 25600K, 46% used [0x00000000eab00000,0x00000000eb697a88,0x00000000ec400000)
  from space 4096K, 0% used [0x00000000ec800000,0x00000000ec800000,0x00000000ecc00000)
  to   space 4096K, 0% used [0x00000000ec400000,0x00000000ec400000,0x00000000ec800000)
 ParOldGen       total 68608K, used 0K [0x00000000c0000000, 0x00000000c4300000, 0x00000000eab00000)
  object space 68608K, 0% used [0x00000000c0000000,0x00000000c0000000,0x00000000c4300000)
 Metaspace       used 8212K, committed 8384K, reserved 1114112K
  class space    used 799K, committed 896K, reserved 1048576K

Card table byte_map: [0x0000027299b40000,0x0000027299d50000] _byte_map_base: 0x0000027299540000

Marking Bits: (ParMarkBitMap*) 0x00007ff9c60458b0
 Begin Bits: [0x0000027299eb0000, 0x000002729aeb0000)
 End Bits:   [0x000002729aeb0000, 0x000002729beb0000)

Polling page: 0x00000272865a0000

Metaspace:

Usage:
  Non-class:      7.24 MB used.
      Class:    799.27 KB used.
       Both:      8.02 MB used.

Virtual space:
  Non-class space:       64.00 MB reserved,       7.31 MB ( 11%) committed,  1 nodes.
      Class space:        1.00 GB reserved,     896.00 KB ( <1%) committed,  1 nodes.
             Both:        1.06 GB reserved,       8.19 MB ( <1%) committed. 

Chunk freelists:
   Non-Class:  8.48 MB
       Class:  15.09 MB
        Both:  23.57 MB

MaxMetaspaceSize: unlimited
CompressedClassSpaceSize: 1.00 GB
Initial GC threshold: 21.00 MB
Current GC threshold: 21.00 MB
CDS: off
MetaspaceReclaimPolicy: balanced
 - commit_granule_bytes: 65536.
 - commit_granule_words: 8192.
 - virtual_space_node_default_size: 8388608.
 - enlarge_chunks_in_place: 1.
 - new_chunks_are_fully_committed: 0.
 - uncommit_free_chunks: 1.
 - use_allocation_guard: 0.
 - handle_deallocations: 1.


Internal statistics:

num_allocs_failed_limit: 0.
num_arena_births: 10.
num_arena_deaths: 0.
num_vsnodes_births: 2.
num_vsnodes_deaths: 0.
num_space_committed: 131.
num_space_uncommitted: 0.
num_chunks_returned_to_freelist: 0.
num_chunks_taken_from_freelist: 43.
num_chunk_merges: 0.
num_chunk_splits: 24.
num_chunks_enlarged: 21.
num_inconsistent_stats: 0.

CodeHeap 'non-profiled nmethods': size=120000Kb used=193Kb max_used=193Kb free=119806Kb
 bounds [0x0000027292430000, 0x00000272926a0000, 0x0000027299960000]
CodeHeap 'profiled nmethods': size=120000Kb used=759Kb max_used=759Kb free=119240Kb
 bounds [0x000002728a960000, 0x000002728abd0000, 0x0000027291e90000]
CodeHeap 'non-nmethods': size=5760Kb used=1140Kb max_used=1158Kb free=4619Kb
 bounds [0x0000027291e90000, 0x0000027292100000, 0x0000027292430000]
 total_blobs=944 nmethods=530 adapters=329
 compilation: enabled
              stopped_count=0, restarted_count=0
 full_count=0

Compilation events (20 events):
Event: 0.482 Thread 0x00000272a179c350 nmethod 521 0x000002729245cc10 code [0x000002729245cd80, 0x000002729245d038]
Event: 0.482 Thread 0x00000272a179c350  523       4       java.lang.Integer::parseInt (264 bytes)
Event: 0.488 Thread 0x00000272a179c350 nmethod 523 0x000002729245d190 code [0x000002729245d340, 0x000002729245d718]
Event: 0.488 Thread 0x00000272a179c350  514       4       java.lang.CharacterDataLatin1::digit (32 bytes)
Event: 0.489 Thread 0x00000272a179c350 nmethod 514 0x000002729245dc10 code [0x000002729245dda0, 0x000002729245de98]
Event: 0.489 Thread 0x00000272a179c350  518       4       java.lang.Character::digit (6 bytes)
Event: 0.490 Thread 0x00000272a179c350 nmethod 518 0x000002729245df90 code [0x000002729245e120, 0x000002729245e218]
Event: 0.490 Thread 0x00000272a179c350  526       4       java.util.Collections$UnmodifiableCollection::iterator (9 bytes)
Event: 0.491 Thread 0x00000272a15dd8e0  527       3       sun.security.util.DerInputStream::available (10 bytes)
Event: 0.491 Thread 0x00000272a15dd8e0 nmethod 527 0x000002728aa1ba90 code [0x000002728aa1bc20, 0x000002728aa1bd38]
Event: 0.492 Thread 0x00000272a15dd8e0  528       3       java.lang.Byte::<init> (10 bytes)
Event: 0.493 Thread 0x00000272a15dd8e0 nmethod 528 0x000002728aa1be10 code [0x000002728aa1bfc0, 0x000002728aa1c198]
Event: 0.493 Thread 0x00000272a15dd8e0  529       3       java.util.jar.Manifest$FastInputStream::readLine (296 bytes)
Event: 0.494 Thread 0x00000272a15dd8e0 nmethod 529 0x000002728aa1c290 code [0x000002728aa1c4c0, 0x000002728aa1cdc8]
Event: 0.494 Thread 0x00000272a15dd8e0  530       3       java.lang.reflect.Modifier::isPublic (12 bytes)
Event: 0.494 Thread 0x00000272a15dd8e0 nmethod 530 0x000002728aa1d110 code [0x000002728aa1d2a0, 0x000002728aa1d3f8]
Event: 0.494 Thread 0x00000272a15dd8e0  531  s    3       java.io.ByteArrayOutputStream::write (32 bytes)
Event: 0.494 Thread 0x00000272a15dd8e0 nmethod 531 0x000002728aa1d490 code [0x000002728aa1d640, 0x000002728aa1d888]
Event: 0.495 Thread 0x00000272a15dd8e0  532       3       java.lang.reflect.Modifier::isProtected (12 bytes)
Event: 0.495 Thread 0x00000272a15dd8e0 nmethod 532 0x000002728aa1d990 code [0x000002728aa1db20, 0x000002728aa1dc78]

GC Heap History (0 events):
No events

Dll operation events (8 events):
Event: 0.011 Loaded shared library c:\Users\usuario\.vscode\extensions\redhat.java-1.35.1-win32-x64\jre\17.0.12-win32-x86_64\bin\java.dll
Event: 0.158 Loaded shared library c:\Users\usuario\.vscode\extensions\redhat.java-1.35.1-win32-x64\jre\17.0.12-win32-x86_64\bin\zip.dll
Event: 0.162 Loaded shared library C:\Users\usuario\.vscode\extensions\redhat.java-1.35.1-win32-x64\jre\17.0.12-win32-x86_64\bin\instrument.dll
Event: 0.181 Loaded shared library C:\Users\usuario\.vscode\extensions\redhat.java-1.35.1-win32-x64\jre\17.0.12-win32-x86_64\bin\net.dll
Event: 0.183 Loaded shared library C:\Users\usuario\.vscode\extensions\redhat.java-1.35.1-win32-x64\jre\17.0.12-win32-x86_64\bin\nio.dll
Event: 0.191 Loaded shared library C:\Users\usuario\.vscode\extensions\redhat.java-1.35.1-win32-x64\jre\17.0.12-win32-x86_64\bin\zip.dll
Event: 0.208 Loaded shared library C:\Users\usuario\.vscode\extensions\redhat.java-1.35.1-win32-x64\jre\17.0.12-win32-x86_64\bin\jimage.dll
Event: 0.280 Loaded shared library c:\Users\usuario\.vscode\extensions\redhat.java-1.35.1-win32-x64\jre\17.0.12-win32-x86_64\bin\verify.dll

Deoptimization events (20 events):
Event: 0.432 Thread 0x00000272864eb340 Uncommon trap: trap_request=0xffffffde fr.pc=0x0000027292455e2c relative=0x000000000000010c
Event: 0.432 Thread 0x00000272864eb340 Uncommon trap: reason=class_check action=maybe_recompile pc=0x0000027292455e2c method=jdk.internal.misc.Unsafe.allocateUninitializedArray(Ljava/lang/Class;I)Ljava/lang/Object; @ 51 c2
Event: 0.432 Thread 0x00000272864eb340 DEOPT PACKING pc=0x0000027292455e2c sp=0x000000c1241fbea0
Event: 0.432 Thread 0x00000272864eb340 DEOPT UNPACKING pc=0x0000027291ee9ea3 sp=0x000000c1241fbe28 mode 2
Event: 0.432 Thread 0x00000272864eb340 Uncommon trap: trap_request=0xffffffde fr.pc=0x0000027292455e2c relative=0x000000000000010c
Event: 0.432 Thread 0x00000272864eb340 Uncommon trap: reason=class_check action=maybe_recompile pc=0x0000027292455e2c method=jdk.internal.misc.Unsafe.allocateUninitializedArray(Ljava/lang/Class;I)Ljava/lang/Object; @ 51 c2
Event: 0.432 Thread 0x00000272864eb340 DEOPT PACKING pc=0x0000027292455e2c sp=0x000000c1241fbea0
Event: 0.432 Thread 0x00000272864eb340 DEOPT UNPACKING pc=0x0000027291ee9ea3 sp=0x000000c1241fbe28 mode 2
Event: 0.432 Thread 0x00000272864eb340 Uncommon trap: trap_request=0xffffffde fr.pc=0x0000027292455e2c relative=0x000000000000010c
Event: 0.432 Thread 0x00000272864eb340 Uncommon trap: reason=class_check action=maybe_recompile pc=0x0000027292455e2c method=jdk.internal.misc.Unsafe.allocateUninitializedArray(Ljava/lang/Class;I)Ljava/lang/Object; @ 51 c2
Event: 0.432 Thread 0x00000272864eb340 DEOPT PACKING pc=0x0000027292455e2c sp=0x000000c1241fbee0
Event: 0.432 Thread 0x00000272864eb340 DEOPT UNPACKING pc=0x0000027291ee9ea3 sp=0x000000c1241fbe68 mode 2
Event: 0.449 Thread 0x00000272864eb340 Uncommon trap: trap_request=0xffffff45 fr.pc=0x00000272924463c0 relative=0x00000000000000c0
Event: 0.449 Thread 0x00000272864eb340 Uncommon trap: reason=unstable_if action=reinterpret pc=0x00000272924463c0 method=java.net.URI.match(CJJ)Z @ 45 c2
Event: 0.449 Thread 0x00000272864eb340 DEOPT PACKING pc=0x00000272924463c0 sp=0x000000c1241fc6d0
Event: 0.449 Thread 0x00000272864eb340 DEOPT UNPACKING pc=0x0000027291ee9ea3 sp=0x000000c1241fc658 mode 2
Event: 0.461 Thread 0x00000272864eb340 Uncommon trap: trap_request=0xffffff45 fr.pc=0x000002729245943c relative=0x00000000000005bc
Event: 0.461 Thread 0x00000272864eb340 Uncommon trap: reason=unstable_if action=reinterpret pc=0x000002729245943c method=java.lang.String.replace(Ljava/lang/CharSequence;Ljava/lang/CharSequence;)Ljava/lang/String; @ 48 c2
Event: 0.461 Thread 0x00000272864eb340 DEOPT PACKING pc=0x000002729245943c sp=0x000000c1241fc550
Event: 0.461 Thread 0x00000272864eb340 DEOPT UNPACKING pc=0x0000027291ee9ea3 sp=0x000000c1241fc4c0 mode 2

Classes loaded (20 events):
Event: 0.490 Loading class java/time/Instant
Event: 0.491 Loading class java/time/Instant done
Event: 0.491 Loading class sun/security/pkcs/PKCS9Attributes
Event: 0.491 Loading class sun/security/pkcs/PKCS9Attributes done
Event: 0.492 Loading class sun/security/pkcs/PKCS9Attribute
Event: 0.492 Loading class sun/security/pkcs/PKCS9Attribute done
Event: 0.492 Loading class java/lang/Byte$ByteCache
Event: 0.492 Loading class java/lang/Byte$ByteCache done
Event: 0.496 Loading class sun/security/pkcs/SigningCertificateInfo
Event: 0.496 Loading class sun/security/pkcs/SigningCertificateInfo done
Event: 0.496 Loading class sun/security/pkcs/ESSCertId
Event: 0.496 Loading class sun/security/pkcs/ESSCertId done
Event: 0.496 Loading class sun/security/pkcs/SignerInfo$AlgorithmInfo
Event: 0.496 Loading class sun/security/pkcs/SignerInfo$AlgorithmInfo done
Event: 0.496 Loading class java/security/MessageDigest
Event: 0.497 Loading class java/security/MessageDigestSpi
Event: 0.497 Loading class java/security/MessageDigestSpi done
Event: 0.497 Loading class java/security/MessageDigest done
Event: 0.497 Loading class sun/security/provider/SHA2$SHA256
Event: 0.497 Loading class sun/security/provider/SHA2

Classes unloaded (0 events):
No events

Classes redefined (0 events):
No events

Internal exceptions (2 events):
Event: 0.127 Thread 0x00000272864eb340 Exception <a 'java/lang/NoSuchMethodError'{0x00000000eacb4da0}: 'void java.lang.invoke.DirectMethodHandle$Holder.invokeStatic(java.lang.Object, java.lang.Object, java.lang.Object)'> (0x00000000eacb4da0) 
thrown [s\src\hotspot\share\interpreter\linkResolver.cpp, line 759]
Event: 0.308 Thread 0x00000272864eb340 Exception <a 'java/lang/reflect/InvocationTargetException'{0x00000000eafe7c58}> (0x00000000eafe7c58) 
thrown [s\src\hotspot\share\runtime\reflection.cpp, line 1128]

VM Operations (4 events):
Event: 0.133 Executing VM operation: HandshakeAllThreads
Event: 0.133 Executing VM operation: HandshakeAllThreads done
Event: 0.224 Executing VM operation: HandshakeAllThreads
Event: 0.224 Executing VM operation: HandshakeAllThreads done

Events (13 events):
Event: 0.036 Thread 0x00000272864eb340 Thread added: 0x00000272864eb340
Event: 0.046 Thread 0x000002729c2cb730 Thread added: 0x000002729c2cb730
Event: 0.046 Thread 0x000002729c2cdaa0 Thread added: 0x000002729c2cdaa0
Event: 0.064 Thread 0x00000272a15a8580 Thread added: 0x00000272a15a8580
Event: 0.064 Thread 0x00000272a15c62a0 Thread added: 0x00000272a15c62a0
Event: 0.064 Thread 0x00000272a15c76a0 Thread added: 0x00000272a15c76a0
Event: 0.064 Thread 0x00000272a15ca8b0 Thread added: 0x00000272a15ca8b0
Event: 0.064 Thread 0x00000272a15cf200 Thread added: 0x00000272a15cf200
Event: 0.064 Thread 0x00000272a15dd8e0 Thread added: 0x00000272a15dd8e0
Event: 0.064 Thread 0x00000272a15d33c0 Thread added: 0x00000272a15d33c0
Event: 0.108 Thread 0x00000272a1651420 Thread added: 0x00000272a1651420
Event: 0.144 Thread 0x00000272a179c350 Thread added: 0x00000272a179c350
Event: 0.385 Thread 0x00000272a195e9a0 Thread added: 0x00000272a195e9a0


Dynamic libraries:
0x00007ff75b580000 - 0x00007ff75b58e000 	c:\Users\usuario\.vscode\extensions\redhat.java-1.35.1-win32-x64\jre\17.0.12-win32-x86_64\bin\java.exe
0x00007ffa615f0000 - 0x00007ffa61807000 	C:\WINDOWS\SYSTEM32\ntdll.dll
0x00007ffa60cb0000 - 0x00007ffa60d74000 	C:\WINDOWS\System32\KERNEL32.DLL
0x00007ffa5e980000 - 0x00007ffa5ed2d000 	C:\WINDOWS\System32\KERNELBASE.dll
0x00007ffa5ed30000 - 0x00007ffa5ee41000 	C:\WINDOWS\System32\ucrtbase.dll
0x00007ffa45b40000 - 0x00007ffa45b57000 	c:\Users\usuario\.vscode\extensions\redhat.java-1.35.1-win32-x64\jre\17.0.12-win32-x86_64\bin\jli.dll
0x00007ffa459e0000 - 0x00007ffa459fb000 	c:\Users\usuario\.vscode\extensions\redhat.java-1.35.1-win32-x64\jre\17.0.12-win32-x86_64\bin\VCRUNTIME140.dll
0x00007ffa61010000 - 0x00007ffa611be000 	C:\WINDOWS\System32\USER32.dll
0x00007ffa5f150000 - 0x00007ffa5f176000 	C:\WINDOWS\System32\win32u.dll
0x00007ffa60f30000 - 0x00007ffa60f59000 	C:\WINDOWS\System32\GDI32.dll
0x00007ffa5f200000 - 0x00007ffa5f319000 	C:\WINDOWS\System32\gdi32full.dll
0x00007ffa5f0b0000 - 0x00007ffa5f14a000 	C:\WINDOWS\System32\msvcp_win.dll
0x00007ffa45d10000 - 0x00007ffa45fa3000 	C:\WINDOWS\WinSxS\amd64_microsoft.windows.common-controls_6595b64144ccf1df_6.0.22621.3672_none_2713b9d173822955\COMCTL32.dll
0x00007ffa60f60000 - 0x00007ffa61007000 	C:\WINDOWS\System32\msvcrt.dll
0x00007ffa5f580000 - 0x00007ffa5f5b1000 	C:\WINDOWS\System32\IMM32.DLL
0x00007ffa49150000 - 0x00007ffa4915c000 	c:\Users\usuario\.vscode\extensions\redhat.java-1.35.1-win32-x64\jre\17.0.12-win32-x86_64\bin\vcruntime140_1.dll
0x00007ffa088d0000 - 0x00007ffa0895d000 	c:\Users\usuario\.vscode\extensions\redhat.java-1.35.1-win32-x64\jre\17.0.12-win32-x86_64\bin\msvcp140.dll
0x00007ff9c54a0000 - 0x00007ff9c610a000 	c:\Users\usuario\.vscode\extensions\redhat.java-1.35.1-win32-x64\jre\17.0.12-win32-x86_64\bin\server\jvm.dll
0x00007ffa5fde0000 - 0x00007ffa5fe92000 	C:\WINDOWS\System32\ADVAPI32.dll
0x00007ffa61500000 - 0x00007ffa615a9000 	C:\WINDOWS\System32\sechost.dll
0x00007ffa5ee50000 - 0x00007ffa5ee78000 	C:\WINDOWS\System32\bcrypt.dll
0x00007ffa60720000 - 0x00007ffa60834000 	C:\WINDOWS\System32\RPCRT4.dll
0x00007ffa61480000 - 0x00007ffa614f1000 	C:\WINDOWS\System32\WS2_32.dll
0x00007ffa5e7e0000 - 0x00007ffa5e82d000 	C:\WINDOWS\SYSTEM32\POWRPROF.dll
0x00007ffa567b0000 - 0x00007ffa567e4000 	C:\WINDOWS\SYSTEM32\WINMM.dll
0x00007ffa59c50000 - 0x00007ffa59c5a000 	C:\WINDOWS\SYSTEM32\VERSION.dll
0x00007ffa5e7c0000 - 0x00007ffa5e7d3000 	C:\WINDOWS\SYSTEM32\UMPDC.dll
0x00007ffa5d960000 - 0x00007ffa5d978000 	C:\WINDOWS\SYSTEM32\kernel.appcore.dll
0x00007ffa47bc0000 - 0x00007ffa47bca000 	c:\Users\usuario\.vscode\extensions\redhat.java-1.35.1-win32-x64\jre\17.0.12-win32-x86_64\bin\jimage.dll
0x00007ffa5c1e0000 - 0x00007ffa5c412000 	C:\WINDOWS\SYSTEM32\DBGHELP.DLL
0x00007ffa5f5c0000 - 0x00007ffa5f94e000 	C:\WINDOWS\System32\combase.dll
0x00007ffa60bd0000 - 0x00007ffa60ca7000 	C:\WINDOWS\System32\OLEAUT32.dll
0x00007ffa33830000 - 0x00007ffa33862000 	C:\WINDOWS\SYSTEM32\dbgcore.DLL
0x00007ffa5f180000 - 0x00007ffa5f1fb000 	C:\WINDOWS\System32\bcryptPrimitives.dll
0x00007ffa475e0000 - 0x00007ffa475ee000 	c:\Users\usuario\.vscode\extensions\redhat.java-1.35.1-win32-x64\jre\17.0.12-win32-x86_64\bin\instrument.dll
0x00007ffa3c650000 - 0x00007ffa3c675000 	c:\Users\usuario\.vscode\extensions\redhat.java-1.35.1-win32-x64\jre\17.0.12-win32-x86_64\bin\java.dll
0x00007ffa42c40000 - 0x00007ffa42c58000 	c:\Users\usuario\.vscode\extensions\redhat.java-1.35.1-win32-x64\jre\17.0.12-win32-x86_64\bin\zip.dll
0x00007ffa5fea0000 - 0x00007ffa60707000 	C:\WINDOWS\System32\SHELL32.dll
0x00007ffa5c890000 - 0x00007ffa5d18f000 	C:\WINDOWS\SYSTEM32\windows.storage.dll
0x00007ffa5c750000 - 0x00007ffa5c88f000 	C:\WINDOWS\SYSTEM32\wintypes.dll
0x00007ffa5f320000 - 0x00007ffa5f419000 	C:\WINDOWS\System32\SHCORE.dll
0x00007ffa60e40000 - 0x00007ffa60e9e000 	C:\WINDOWS\System32\shlwapi.dll
0x00007ffa5e840000 - 0x00007ffa5e867000 	C:\WINDOWS\SYSTEM32\profapi.dll
0x00007ffa3bcf0000 - 0x00007ffa3bd09000 	C:\Users\usuario\.vscode\extensions\redhat.java-1.35.1-win32-x64\jre\17.0.12-win32-x86_64\bin\net.dll
0x00007ffa5a330000 - 0x00007ffa5a466000 	C:\WINDOWS\SYSTEM32\WINHTTP.dll
0x00007ffa5ddd0000 - 0x00007ffa5de39000 	C:\WINDOWS\system32\mswsock.dll
0x00007ffa39660000 - 0x00007ffa39676000 	C:\Users\usuario\.vscode\extensions\redhat.java-1.35.1-win32-x64\jre\17.0.12-win32-x86_64\bin\nio.dll
0x00007ffa473a0000 - 0x00007ffa473b0000 	c:\Users\usuario\.vscode\extensions\redhat.java-1.35.1-win32-x64\jre\17.0.12-win32-x86_64\bin\verify.dll

dbghelp: loaded successfully - version: 4.0.5 - missing functions: none
symbol engine: initialized successfully - sym options: 0x614 - pdb path: .;c:\Users\usuario\.vscode\extensions\redhat.java-1.35.1-win32-x64\jre\17.0.12-win32-x86_64\bin;C:\WINDOWS\SYSTEM32;C:\WINDOWS\WinSxS\amd64_microsoft.windows.common-controls_6595b64144ccf1df_6.0.22621.3672_none_2713b9d173822955;c:\Users\usuario\.vscode\extensions\redhat.java-1.35.1-win32-x64\jre\17.0.12-win32-x86_64\bin\server

VM Arguments:
jvm_args: --add-modules=ALL-SYSTEM --add-opens=java.base/java.util=ALL-UNNAMED --add-opens=java.base/java.lang=ALL-UNNAMED --add-opens=java.base/sun.nio.fs=ALL-UNNAMED -Declipse.application=org.eclipse.jdt.ls.core.id1 -Dosgi.bundles.defaultStartLevel=4 -Declipse.product=org.eclipse.jdt.ls.core.product -Djava.import.generatesMetadataFilesAtProjectRoot=false -DDetectVMInstallationsJob.disabled=true -Dfile.encoding=utf8 -XX:+UseParallelGC -XX:GCTimeRatio=4 -XX:AdaptiveSizePolicyWeight=90 -Dsun.zip.disableMemoryMapping=true -Xmx1G -Xms100m -Xlog:disable -javaagent:c:\Users\usuario\.vscode\extensions\redhat.java-1.35.1-win32-x64\lombok\lombok-1.18.33.jar -XX:+HeapDumpOnOutOfMemoryError -XX:HeapDumpPath=c:\Users\usuario\AppData\Roaming\Code\User\workspaceStorage\91eddcfc368a2e979996f6611481c50e\redhat.java -Daether.dependencyCollector.impl=bf 
java_command: c:\Users\usuario\.vscode\extensions\redhat.java-1.35.1-win32-x64\server\plugins\org.eclipse.equinox.launcher_1.6.900.v20240613-2009.jar -configuration c:\Users\usuario\AppData\Roaming\Code\User\globalStorage\redhat.java\1.35.1\config_win -data c:\Users\usuario\AppData\Roaming\Code\User\workspaceStorage\91eddcfc368a2e979996f6611481c50e\redhat.java\jdt_ws --pipe=\\.\pipe\lsp-f7dba8698bfc412c71f4c48a42e6b63f-sock
java_class_path (initial): c:\Users\usuario\.vscode\extensions\redhat.java-1.35.1-win32-x64\server\plugins\org.eclipse.equinox.launcher_1.6.900.v20240613-2009.jar
Launcher Type: SUN_STANDARD

[Global flags]
    uintx AdaptiveSizePolicyWeight                 = 90                                        {product} {command line}
     intx CICompilerCount                          = 4                                         {product} {ergonomic}
    uintx GCTimeRatio                              = 4                                         {product} {command line}
     bool HeapDumpOnOutOfMemoryError               = true                                   {manageable} {command line}
    ccstr HeapDumpPath                             = c:\Users\usuario\AppData\Roaming\Code\User\workspaceStorage\91eddcfc368a2e979996f6611481c50e\redhat.java         {manageable} {command line}
   size_t InitialHeapSize                          = 104857600                                 {product} {command line}
   size_t MaxHeapSize                              = 1073741824                                {product} {command line}
   size_t MaxNewSize                               = 357564416                                 {product} {ergonomic}
   size_t MinHeapDeltaBytes                        = 524288                                    {product} {ergonomic}
   size_t MinHeapSize                              = 104857600                                 {product} {command line}
   size_t NewSize                                  = 34603008                                  {product} {ergonomic}
    uintx NonNMethodCodeHeapSize                   = 5839372                                {pd product} {ergonomic}
    uintx NonProfiledCodeHeapSize                  = 122909434                              {pd product} {ergonomic}
   size_t OldSize                                  = 70254592                                  {product} {ergonomic}
    uintx ProfiledCodeHeapSize                     = 122909434                              {pd product} {ergonomic}
    uintx ReservedCodeCacheSize                    = 251658240                              {pd product} {ergonomic}
     bool SegmentedCodeCache                       = true                                      {product} {ergonomic}
   size_t SoftMaxHeapSize                          = 1073741824                             {manageable} {ergonomic}
     bool UseCompressedClassPointers               = true                           {product lp64_product} {ergonomic}
     bool UseCompressedOops                        = true                           {product lp64_product} {ergonomic}
     bool UseLargePagesIndividualAllocation        = false                                  {pd product} {ergonomic}
     bool UseParallelGC                            = true                                      {product} {command line}

Logging:
Log output configuration:
 #0: stdout all=off uptime,level,tags
 #1: stderr all=off uptime,level,tags

Environment Variables:
PATH=C:\Program Files\Common Files\Oracle\Java\javapath;C:\ProgramData\Oracle\Java\javapath;C:\WINDOWS\system32;C:\WINDOWS;C:\WINDOWS\System32\Wbem;C:\WINDOWS\System32\WindowsPowerShell\v1.0\;C:\WINDOWS\System32\OpenSSH\;C:\Program Files\dotnet\;C:\Program Files\Git\cmd;C:\Users\usuario\AppData\Local\Microsoft\WindowsApps;;C:\Users\usuario\AppData\Local\Programs\Microsoft VS Code\bin
USERNAME=usuario
OS=Windows_NT
PROCESSOR_IDENTIFIER=Intel64 Family 6 Model 140 Stepping 1, GenuineIntel
TMP=C:\Users\usuario\AppData\Local\Temp
TEMP=C:\Users\usuario\AppData\Local\Temp



Periodic native trim disabled


---------------  S Y S T E M  ---------------

OS:
 Windows 11 , 64 bit Build 22621 (10.0.22621.3958)
OS uptime: 4 days 2:51 hours

CPU: total 8 (initial active 8) (4 cores per cpu, 2 threads per core) family 6 model 140 stepping 1 microcode 0xb4, cx8, cmov, fxsr, ht, mmx, 3dnowpref, sse, sse2, sse3, ssse3, sse4.1, sse4.2, popcnt, lzcnt, tsc, tscinvbit, avx, avx2, aes, erms, clmul, bmi1, bmi2, adx, avx512f, avx512dq, avx512cd, avx512bw, avx512vl, sha, fma, vzeroupper, avx512_vpopcntdq, avx512_vpclmulqdq, avx512_vaes, avx512_vnni, clflush, clflushopt, clwb, avx512_vbmi2, avx512_vbmi
Processor Information for all 8 processors :
  Max Mhz: 2419, Current Mhz: 2419, Mhz Limit: 2419

Memory: 4k page, system-wide physical 12010M (1346M free)
TotalPageFile size 19352M (AvailPageFile size 142M)
current process WorkingSet (physical memory assigned to process): 51M, peak: 52M
current process commit charge ("private bytes"): 193M, peak: 194M

vm_info: OpenJDK 64-Bit Server VM (17.0.12+7) for windows-amd64 JRE (17.0.12+7), built on Jul 16 2024 22:08:24 by "admin" with MS VC++ 16.10 / 16.11 (VS2019)

END.
