#
# There is insufficient memory for the Java Runtime Environment to continue.
# Native memory allocation (malloc) failed to allocate 1048576 bytes. Error detail: AllocateHeap
# Possible reasons:
#   The system is out of physical RAM or swap space
#   This process is running with CompressedOops enabled, and the Java Heap may be blocking the growth of the native heap
# Possible solutions:
#   Reduce memory load on the system
#   Increase physical memory or swap space
#   Check if swap backing store is full
#   Decrease Java heap size (-Xmx/-Xms)
#   Decrease number of Java threads
#   Decrease Java thread stack sizes (-Xss)
#   Set larger code cache with -XX:ReservedCodeCacheSize=
#   JVM is running with Unscaled Compressed Oops mode in which the Java heap is
#     placed in the first 4GB address space. The Java Heap base address is the
#     maximum limit for the native heap growth. Please use -XX:HeapBaseMinAddress
#     to set the Java Heap base and to place the Java Heap above 4GB virtual address.
# This output file may be truncated or incomplete.
#
#  Out of Memory Error (allocation.cpp:44), pid=11648, tid=25684
#
# JRE version: OpenJDK Runtime Environment Temurin-17.0.12+7 (17.0.12+7) (build 17.0.12+7)
# Java VM: OpenJDK 64-Bit Server VM Temurin-17.0.12+7 (17.0.12+7, mixed mode, emulated-client, tiered, compressed oops, compressed class ptrs, g1 gc, windows-amd64)
# No core dump will be written. Minidumps are not enabled by default on client versions of Windows
#

---------------  S U M M A R Y ------------

Command Line: -Xmx1024m -Dsts.lsp.client=vscode -Dsts.log.file=/dev/null -XX:TieredStopAtLevel=1 -Xlog:jni+resolve=off c:\Users\usuario\.vscode\extensions\vmware.vscode-spring-boot-1.57.0\language-server\spring-boot-language-server-1.57.0-SNAPSHOT-exec.jar

Host: 11th Gen Intel(R) Core(TM) i5-1135G7 @ 2.40GHz, 8 cores, 11G,  Windows 11 , 64 bit Build 22621 (10.0.22621.3958)
Time: Wed Oct  2 18:26:40 2024 Hora est. Pacífico, Sudamérica elapsed time: 9302.020381 seconds (0d 2h 35m 2s)

---------------  T H R E A D  ---------------

Current thread (0x000001e4e3287540):  VMThread "VM Thread" [stack: 0x0000006954e00000,0x0000006954f00000] [id=25684]

Stack: [0x0000006954e00000,0x0000006954f00000]
Native frames: (J=compiled Java code, j=interpreted, Vv=VM code, C=native code)
V  [jvm.dll+0x67f929]
V  [jvm.dll+0x8371ba]
V  [jvm.dll+0x838c7e]
V  [jvm.dll+0x8392e3]
V  [jvm.dll+0x24834f]
V  [jvm.dll+0xa70d3]
V  [jvm.dll+0x2f9073]
V  [jvm.dll+0x2f4d00]
V  [jvm.dll+0x2dd82f]
V  [jvm.dll+0x3201f7]
V  [jvm.dll+0x83d7dd]
V  [jvm.dll+0x83e522]
V  [jvm.dll+0x83ea4f]
V  [jvm.dll+0x83ee34]
V  [jvm.dll+0x83ef00]
V  [jvm.dll+0x7e65dc]
V  [jvm.dll+0x67e7f7]
C  [ucrtbase.dll+0x29333]
C  [KERNEL32.DLL+0x1257d]
C  [ntdll.dll+0x5af28]

VM_Operation (0x0000006956afee00): G1CollectFull, mode: safepoint, requested by thread 0x000001e4e8bd28e0


---------------  P R O C E S S  ---------------

Threads class SMR info:
_java_thread_list=0x000001e4e90f2240, length=27, elements={
0x000001e4e32b12d0, 0x000001e4e32b1da0, 0x000001e4e32aa7f0, 0x000001e4e32ab2c0,
0x000001e4e32adba0, 0x000001e4e32ae470, 0x000001e4e32d2510, 0x000001e4e32d2e20,
0x000001e4e34367f0, 0x000001e4e343ded0, 0x000001e4e88c6520, 0x000001e4e8bd28e0,
0x000001e4e8bd2df0, 0x000001e4e8bd0060, 0x000001e4e8bd3300, 0x000001e4e8bd3810,
0x000001e4e8bd0f90, 0x000001e4e8bd14a0, 0x000001e4e8bd19b0, 0x000001e4e8bd1ec0,
0x000001e4e8bd23d0, 0x000001e4e8f8fa80, 0x000001e4e8f918e0, 0x000001e4e8f8c2d0,
0x000001e4e8f8b8b0, 0x000001e4e8f8ccf0, 0x000001e4e8f8dc20
}

Java Threads: ( => current thread )
  0x000001e4e32b12d0 JavaThread "Reference Handler" daemon [_thread_blocked, id=24752, stack(0x0000006954f00000,0x0000006955000000)]
  0x000001e4e32b1da0 JavaThread "Finalizer" daemon [_thread_blocked, id=18920, stack(0x0000006955000000,0x0000006955100000)]
  0x000001e4e32aa7f0 JavaThread "Signal Dispatcher" daemon [_thread_blocked, id=24480, stack(0x0000006955100000,0x0000006955200000)]
  0x000001e4e32ab2c0 JavaThread "Attach Listener" daemon [_thread_blocked, id=5808, stack(0x0000006955200000,0x0000006955300000)]
  0x000001e4e32adba0 JavaThread "Service Thread" daemon [_thread_blocked, id=14824, stack(0x0000006955300000,0x0000006955400000)]
  0x000001e4e32ae470 JavaThread "Monitor Deflation Thread" daemon [_thread_blocked, id=20980, stack(0x0000006955400000,0x0000006955500000)]
  0x000001e4e32d2510 JavaThread "C1 CompilerThread0" daemon [_thread_blocked, id=13648, stack(0x0000006955500000,0x0000006955600000)]
  0x000001e4e32d2e20 JavaThread "Sweeper thread" daemon [_thread_blocked, id=31100, stack(0x0000006955600000,0x0000006955700000)]
  0x000001e4e34367f0 JavaThread "Notification Thread" daemon [_thread_blocked, id=24408, stack(0x0000006955700000,0x0000006955800000)]
  0x000001e4e343ded0 JavaThread "Common-Cleaner" daemon [_thread_blocked, id=17472, stack(0x0000006955900000,0x0000006955a00000)]
  0x000001e4e88c6520 JavaThread "boundedElastic-evictor-1" daemon [_thread_blocked, id=21324, stack(0x0000006956900000,0x0000006956a00000)]
  0x000001e4e8bd28e0 JavaThread "pool-13-thread-1" [_thread_blocked, id=29436, stack(0x0000006956a00000,0x0000006956b00000)]
  0x000001e4e8bd2df0 JavaThread "LanguageServerApp-lifecycle" [_thread_blocked, id=29356, stack(0x0000006956b00000,0x0000006956c00000)]
  0x000001e4e8bd0060 JavaThread "DestroyJavaVM" [_thread_blocked, id=16676, stack(0x0000006954800000,0x0000006954900000)]
  0x000001e4e8bd3300 JavaThread "pool-14-thread-1" [_thread_in_native, id=12464, stack(0x0000006956c00000,0x0000006956d00000)]
  0x000001e4e8bd3810 JavaThread "Simple-Language-Server main thread" daemon [_thread_blocked, id=3116, stack(0x0000006956d00000,0x0000006956e00000)]
  0x000001e4e8bd0f90 JavaThread "pool-8-thread-1" [_thread_blocked, id=24532, stack(0x0000006957000000,0x0000006957100000)]
  0x000001e4e8bd14a0 JavaThread "parallel-1" daemon [_thread_blocked, id=19624, stack(0x0000006957100000,0x0000006957200000)]
  0x000001e4e8bd19b0 JavaThread "parallel-2" daemon [_thread_blocked, id=18476, stack(0x0000006957200000,0x0000006957300000)]
  0x000001e4e8bd1ec0 JavaThread "parallel-3" daemon [_thread_blocked, id=17928, stack(0x0000006957300000,0x0000006957400000)]
  0x000001e4e8bd23d0 JavaThread "pool-6-thread-1" [_thread_blocked, id=3760, stack(0x0000006957400000,0x0000006957500000)]
  0x000001e4e8f8fa80 JavaThread "parallel-4" daemon [_thread_blocked, id=15764, stack(0x0000006957500000,0x0000006957600000)]
  0x000001e4e8f918e0 JavaThread "parallel-5" daemon [_thread_blocked, id=17436, stack(0x0000006957600000,0x0000006957700000)]
  0x000001e4e8f8c2d0 JavaThread "parallel-6" daemon [_thread_blocked, id=5148, stack(0x0000006957700000,0x0000006957800000)]
  0x000001e4e8f8b8b0 JavaThread "parallel-7" daemon [_thread_blocked, id=7536, stack(0x0000006957800000,0x0000006957900000)]
  0x000001e4e8f8ccf0 JavaThread "parallel-8" daemon [_thread_blocked, id=25696, stack(0x0000006957c00000,0x0000006957d00000)]
  0x000001e4e8f8dc20 JavaThread "Reconciler-1" daemon [_thread_blocked, id=3120, stack(0x0000006958200000,0x0000006958300000)]

Other Threads:
=>0x000001e4e3287540 VMThread "VM Thread" [stack: 0x0000006954e00000,0x0000006954f00000] [id=25684]
  0x000001e4e3438ce0 WatcherThread [stack: 0x0000006955800000,0x0000006955900000] [id=11144]
  0x000001e4d84c6040 GCTaskThread "GC Thread#0" [stack: 0x0000006954900000,0x0000006954a00000] [id=15604]
  0x000001e4e3ec9ef0 GCTaskThread "GC Thread#1" [stack: 0x0000006955b00000,0x0000006955c00000] [id=10984]
  0x000001e4e3f6e4d0 GCTaskThread "GC Thread#2" [stack: 0x0000006955c00000,0x0000006955d00000] [id=27556]
  0x000001e4e3f6e790 GCTaskThread "GC Thread#3" [stack: 0x0000006955d00000,0x0000006955e00000] [id=22472]
  0x000001e4e85c2380 GCTaskThread "GC Thread#4" [stack: 0x0000006955e00000,0x0000006955f00000] [id=15884]
  0x000001e4e85c2640 GCTaskThread "GC Thread#5" [stack: 0x0000006955f00000,0x0000006956000000] [id=5504]
  0x000001e4e85c2900 GCTaskThread "GC Thread#6" [stack: 0x0000006956000000,0x0000006956100000] [id=7708]
  0x000001e4e85c2bc0 GCTaskThread "GC Thread#7" [stack: 0x0000006956100000,0x0000006956200000] [id=19028]
  0x000001e4d84ceea0 ConcurrentGCThread "G1 Main Marker" [stack: 0x0000006954a00000,0x0000006954b00000] [id=15432]
  0x000001e4d84cf7d0 ConcurrentGCThread "G1 Conc#0" [stack: 0x0000006954b00000,0x0000006954c00000] [id=17212]
  0x000001e4e87d4530 ConcurrentGCThread "G1 Conc#1" [stack: 0x0000006956500000,0x0000006956600000] [id=18460]
  0x000001e4d853c860 ConcurrentGCThread "G1 Refine#0" [stack: 0x0000006954c00000,0x0000006954d00000] [id=13192]
  0x000001e4d853d1a0 ConcurrentGCThread "G1 Service" [stack: 0x0000006954d00000,0x0000006954e00000] [id=15272]

Threads with active compile tasks:

VM state: at safepoint (normal execution)

VM Mutex/Monitor currently owned by a thread:  ([mutex/lock_event])
[0x000001e4d84824c0] Threads_lock - owner thread: 0x000001e4e3287540
[0x000001e4d8483cf0] Heap_lock - owner thread: 0x000001e4e8bd28e0

Heap address: 0x00000000c0000000, size: 1024 MB, Compressed Oops mode: 32-bit

CDS archive(s) not mapped
Compressed class space mapped at: 0x0000000100000000-0x0000000140000000, reserved size: 1073741824
Narrow klass base: 0x0000000000000000, Narrow klass shift: 3, Narrow klass range: 0x140000000

GC Precious Log:
 CPUs: 8 total, 8 available
 Memory: 12010M
 Large Page Support: Disabled
 NUMA Support: Disabled
 Compressed Oops: Enabled (32-bit)
 Heap Region Size: 1M
 Heap Min Capacity: 8M
 Heap Initial Capacity: 188M
 Heap Max Capacity: 1G
 Pre-touch: Disabled
 Parallel Workers: 8
 Concurrent Workers: 2
 Concurrent Refinement Workers: 8
 Periodic GC: Disabled

Heap:
 garbage-first heap   total 91136K, used 38468K [0x00000000c0000000, 0x0000000100000000)
  region size 1024K, 1 young (1024K), 0 survivors (0K)
 Metaspace       used 61172K, committed 61632K, reserved 1114112K
  class space    used 7686K, committed 7872K, reserved 1048576K

Heap Regions: E=young(eden), S=young(survivor), O=old, HS=humongous(starts), HC=humongous(continues), CS=collection set, F=free, OA=open archive, CA=closed archive, TAMS=top-at-mark-start (previous, next)
|   0|0x00000000c0000000, 0x00000000c0100000, 0x00000000c0100000|100%|HS|  |TAMS 0x00000000c0100000, 0x00000000c0000000| Untracked 
|   1|0x00000000c0100000, 0x00000000c0200000, 0x00000000c0200000|100%|HC|  |TAMS 0x00000000c0200000, 0x00000000c0100000| Untracked 
|   2|0x00000000c0200000, 0x00000000c0300000, 0x00000000c0300000|100%|HC|  |TAMS 0x00000000c0300000, 0x00000000c0200000| Untracked 
|   3|0x00000000c0300000, 0x00000000c0400000, 0x00000000c0400000|100%|HC|  |TAMS 0x00000000c0400000, 0x00000000c0300000| Untracked 
|   4|0x00000000c0400000, 0x00000000c0500000, 0x00000000c0500000|100%|HS|  |TAMS 0x00000000c0500000, 0x00000000c0400000| Untracked 
|   5|0x00000000c0500000, 0x00000000c0600000, 0x00000000c0600000|100%|HC|  |TAMS 0x00000000c0600000, 0x00000000c0500000| Untracked 
|   6|0x00000000c0600000, 0x00000000c06f6be0, 0x00000000c0700000| 96%| O|  |TAMS 0x00000000c06f6be0, 0x00000000c0600000| Untracked 
|   7|0x00000000c0700000, 0x00000000c07ffff0, 0x00000000c0800000| 99%| O|  |TAMS 0x00000000c07ffff0, 0x00000000c0700000| Untracked 
|   8|0x00000000c0800000, 0x00000000c0900000, 0x00000000c0900000|100%| O|  |TAMS 0x00000000c0900000, 0x00000000c0800000| Untracked 
|   9|0x00000000c0900000, 0x00000000c09ffff8, 0x00000000c0a00000| 99%| O|  |TAMS 0x00000000c09ffff8, 0x00000000c0900000| Untracked 
|  10|0x00000000c0a00000, 0x00000000c0afffe8, 0x00000000c0b00000| 99%| O|  |TAMS 0x00000000c0afffe8, 0x00000000c0a00000| Untracked 
|  11|0x00000000c0b00000, 0x00000000c0c00000, 0x00000000c0c00000|100%| O|  |TAMS 0x00000000c0c00000, 0x00000000c0b00000| Untracked 
|  12|0x00000000c0c00000, 0x00000000c0cffec8, 0x00000000c0d00000| 99%| O|  |TAMS 0x00000000c0cffec8, 0x00000000c0c00000| Untracked 
|  13|0x00000000c0d00000, 0x00000000c0dfffe0, 0x00000000c0e00000| 99%| O|  |TAMS 0x00000000c0dfffe0, 0x00000000c0d00000| Untracked 
|  14|0x00000000c0e00000, 0x00000000c0f00000, 0x00000000c0f00000|100%| O|  |TAMS 0x00000000c0f00000, 0x00000000c0e00000| Untracked 
|  15|0x00000000c0f00000, 0x00000000c0fffa60, 0x00000000c1000000| 99%| O|  |TAMS 0x00000000c0fffa60, 0x00000000c0f00000| Untracked 
|  16|0x00000000c1000000, 0x00000000c10ffff8, 0x00000000c1100000| 99%| O|  |TAMS 0x00000000c10ffff8, 0x00000000c1000000| Untracked 
|  17|0x00000000c1100000, 0x00000000c1200000, 0x00000000c1200000|100%| O|  |TAMS 0x00000000c1200000, 0x00000000c1100000| Untracked 
|  18|0x00000000c1200000, 0x00000000c12fa898, 0x00000000c1300000| 97%| O|  |TAMS 0x00000000c12fa898, 0x00000000c1200000| Untracked 
|  19|0x00000000c1300000, 0x00000000c13ff838, 0x00000000c1400000| 99%| O|  |TAMS 0x00000000c13ff838, 0x00000000c1300000| Untracked 
|  20|0x00000000c1400000, 0x00000000c14ffff0, 0x00000000c1500000| 99%| O|  |TAMS 0x00000000c14ffff0, 0x00000000c1400000| Untracked 
|  21|0x00000000c1500000, 0x00000000c15fd080, 0x00000000c1600000| 98%| O|  |TAMS 0x00000000c15fd080, 0x00000000c1500000| Untracked 
|  22|0x00000000c1600000, 0x00000000c16fffe8, 0x00000000c1700000| 99%| O|  |TAMS 0x00000000c16fffe8, 0x00000000c1600000| Untracked 
|  23|0x00000000c1700000, 0x00000000c17fffd0, 0x00000000c1800000| 99%| O|  |TAMS 0x00000000c17fffd0, 0x00000000c1700000| Untracked 
|  24|0x00000000c1800000, 0x00000000c1900000, 0x00000000c1900000|100%| O|  |TAMS 0x00000000c1900000, 0x00000000c1800000| Untracked 
|  25|0x00000000c1900000, 0x00000000c19ffff0, 0x00000000c1a00000| 99%| O|  |TAMS 0x00000000c19ffff0, 0x00000000c1900000| Untracked 
|  26|0x00000000c1a00000, 0x00000000c1afff98, 0x00000000c1b00000| 99%| O|  |TAMS 0x00000000c1afff98, 0x00000000c1a00000| Untracked 
|  27|0x00000000c1b00000, 0x00000000c1bff7c0, 0x00000000c1c00000| 99%| O|  |TAMS 0x00000000c1bff7c0, 0x00000000c1b00000| Untracked 
|  28|0x00000000c1c00000, 0x00000000c1cf46b0, 0x00000000c1d00000| 95%| O|  |TAMS 0x00000000c1cf46b0, 0x00000000c1c00000| Untracked 
|  29|0x00000000c1d00000, 0x00000000c1dffea8, 0x00000000c1e00000| 99%| O|  |TAMS 0x00000000c1dffea8, 0x00000000c1d00000| Untracked 
|  30|0x00000000c1e00000, 0x00000000c1efffb8, 0x00000000c1f00000| 99%| O|  |TAMS 0x00000000c1efffb8, 0x00000000c1e00000| Untracked 
|  31|0x00000000c1f00000, 0x00000000c1fffe08, 0x00000000c2000000| 99%| O|  |TAMS 0x00000000c1fffe08, 0x00000000c1f00000| Untracked 
|  32|0x00000000c2000000, 0x00000000c2100000, 0x00000000c2100000|100%| O|  |TAMS 0x00000000c2100000, 0x00000000c2000000| Untracked 
|  33|0x00000000c2100000, 0x00000000c2200000, 0x00000000c2200000|100%| O|  |TAMS 0x00000000c2200000, 0x00000000c2100000| Untracked 
|  34|0x00000000c2200000, 0x00000000c22fff98, 0x00000000c2300000| 99%| O|  |TAMS 0x00000000c22fff98, 0x00000000c2200000| Untracked 
|  35|0x00000000c2300000, 0x00000000c23fd2d0, 0x00000000c2400000| 98%| O|  |TAMS 0x00000000c23fd2d0, 0x00000000c2300000| Untracked 
|  36|0x00000000c2400000, 0x00000000c24fffd0, 0x00000000c2500000| 99%| O|  |TAMS 0x00000000c24fffd0, 0x00000000c2400000| Untracked 
|  37|0x00000000c2500000, 0x00000000c25b2ec0, 0x00000000c2600000| 69%| O|  |TAMS 0x00000000c2500000, 0x00000000c2500000| Untracked 
|  38|0x00000000c2600000, 0x00000000c2600068, 0x00000000c2700000|  0%| O|  |TAMS 0x00000000c2600000, 0x00000000c2600000| Untracked 
|  39|0x00000000c2700000, 0x00000000c2700000, 0x00000000c2800000|  0%| F|  |TAMS 0x00000000c2700000, 0x00000000c2700000| Untracked 
|  40|0x00000000c2800000, 0x00000000c2800000, 0x00000000c2900000|  0%| F|  |TAMS 0x00000000c2800000, 0x00000000c2800000| Untracked 
|  41|0x00000000c2900000, 0x00000000c2900000, 0x00000000c2a00000|  0%| F|  |TAMS 0x00000000c2900000, 0x00000000c2900000| Untracked 
|  42|0x00000000c2a00000, 0x00000000c2a00000, 0x00000000c2b00000|  0%| F|  |TAMS 0x00000000c2a00000, 0x00000000c2a00000| Untracked 
|  43|0x00000000c2b00000, 0x00000000c2b00000, 0x00000000c2c00000|  0%| F|  |TAMS 0x00000000c2b00000, 0x00000000c2b00000| Untracked 
|  44|0x00000000c2c00000, 0x00000000c2c00000, 0x00000000c2d00000|  0%| F|  |TAMS 0x00000000c2c00000, 0x00000000c2c00000| Untracked 
|  45|0x00000000c2d00000, 0x00000000c2d00000, 0x00000000c2e00000|  0%| F|  |TAMS 0x00000000c2d00000, 0x00000000c2d00000| Untracked 
|  46|0x00000000c2e00000, 0x00000000c2e00000, 0x00000000c2f00000|  0%| F|  |TAMS 0x00000000c2e00000, 0x00000000c2e00000| Untracked 
|  47|0x00000000c2f00000, 0x00000000c2f00000, 0x00000000c3000000|  0%| F|  |TAMS 0x00000000c2f00000, 0x00000000c2f00000| Untracked 
|  48|0x00000000c3000000, 0x00000000c3000000, 0x00000000c3100000|  0%| F|  |TAMS 0x00000000c3000000, 0x00000000c3000000| Untracked 
|  49|0x00000000c3100000, 0x00000000c3100000, 0x00000000c3200000|  0%| F|  |TAMS 0x00000000c3100000, 0x00000000c3100000| Untracked 
|  50|0x00000000c3200000, 0x00000000c3200000, 0x00000000c3300000|  0%| F|  |TAMS 0x00000000c3200000, 0x00000000c3200000| Untracked 
|  51|0x00000000c3300000, 0x00000000c3300000, 0x00000000c3400000|  0%| F|  |TAMS 0x00000000c3300000, 0x00000000c3300000| Untracked 
|  52|0x00000000c3400000, 0x00000000c3400000, 0x00000000c3500000|  0%| F|  |TAMS 0x00000000c3400000, 0x00000000c3400000| Untracked 
|  53|0x00000000c3500000, 0x00000000c3500000, 0x00000000c3600000|  0%| F|  |TAMS 0x00000000c3500000, 0x00000000c3500000| Untracked 
|  54|0x00000000c3600000, 0x00000000c3600000, 0x00000000c3700000|  0%| F|  |TAMS 0x00000000c3600000, 0x00000000c3600000| Untracked 
|  55|0x00000000c3700000, 0x00000000c3700000, 0x00000000c3800000|  0%| F|  |TAMS 0x00000000c3700000, 0x00000000c3700000| Untracked 
|  56|0x00000000c3800000, 0x00000000c3800000, 0x00000000c3900000|  0%| F|  |TAMS 0x00000000c3800000, 0x00000000c3800000| Untracked 
|  57|0x00000000c3900000, 0x00000000c3900000, 0x00000000c3a00000|  0%| F|  |TAMS 0x00000000c3900000, 0x00000000c3900000| Untracked 
|  58|0x00000000c3a00000, 0x00000000c3a00000, 0x00000000c3b00000|  0%| F|  |TAMS 0x00000000c3a00000, 0x00000000c3a00000| Untracked 
|  59|0x00000000c3b00000, 0x00000000c3b00000, 0x00000000c3c00000|  0%| F|  |TAMS 0x00000000c3b00000, 0x00000000c3b00000| Untracked 
|  60|0x00000000c3c00000, 0x00000000c3c00000, 0x00000000c3d00000|  0%| F|  |TAMS 0x00000000c3c00000, 0x00000000c3c00000| Untracked 
|  61|0x00000000c3d00000, 0x00000000c3d00000, 0x00000000c3e00000|  0%| F|  |TAMS 0x00000000c3d00000, 0x00000000c3d00000| Untracked 
|  62|0x00000000c3e00000, 0x00000000c3e00000, 0x00000000c3f00000|  0%| F|  |TAMS 0x00000000c3e00000, 0x00000000c3e00000| Untracked 
|  63|0x00000000c3f00000, 0x00000000c3f00000, 0x00000000c4000000|  0%| F|  |TAMS 0x00000000c3f00000, 0x00000000c3f00000| Untracked 
|  64|0x00000000c4000000, 0x00000000c4000000, 0x00000000c4100000|  0%| F|  |TAMS 0x00000000c4000000, 0x00000000c4000000| Untracked 
|  65|0x00000000c4100000, 0x00000000c4100000, 0x00000000c4200000|  0%| F|  |TAMS 0x00000000c4100000, 0x00000000c4100000| Untracked 
|  66|0x00000000c4200000, 0x00000000c4200000, 0x00000000c4300000|  0%| F|  |TAMS 0x00000000c4200000, 0x00000000c4200000| Untracked 
|  67|0x00000000c4300000, 0x00000000c4300000, 0x00000000c4400000|  0%| F|  |TAMS 0x00000000c4300000, 0x00000000c4300000| Untracked 
|  68|0x00000000c4400000, 0x00000000c4400000, 0x00000000c4500000|  0%| F|  |TAMS 0x00000000c4400000, 0x00000000c4400000| Untracked 
|  69|0x00000000c4500000, 0x00000000c4500000, 0x00000000c4600000|  0%| F|  |TAMS 0x00000000c4500000, 0x00000000c4500000| Untracked 
|  70|0x00000000c4600000, 0x00000000c4600000, 0x00000000c4700000|  0%| F|  |TAMS 0x00000000c4600000, 0x00000000c4600000| Untracked 
|  71|0x00000000c4700000, 0x00000000c4700000, 0x00000000c4800000|  0%| F|  |TAMS 0x00000000c4700000, 0x00000000c4700000| Untracked 
|  72|0x00000000c4800000, 0x00000000c4800000, 0x00000000c4900000|  0%| F|  |TAMS 0x00000000c4800000, 0x00000000c4800000| Untracked 
|  73|0x00000000c4900000, 0x00000000c4900000, 0x00000000c4a00000|  0%| F|  |TAMS 0x00000000c4900000, 0x00000000c4900000| Untracked 
|  74|0x00000000c4a00000, 0x00000000c4a00000, 0x00000000c4b00000|  0%| F|  |TAMS 0x00000000c4a00000, 0x00000000c4a00000| Untracked 
|  75|0x00000000c4b00000, 0x00000000c4b00000, 0x00000000c4c00000|  0%| F|  |TAMS 0x00000000c4b00000, 0x00000000c4b00000| Untracked 
|  76|0x00000000c4c00000, 0x00000000c4c00000, 0x00000000c4d00000|  0%| F|  |TAMS 0x00000000c4c00000, 0x00000000c4c00000| Untracked 
|  77|0x00000000c4d00000, 0x00000000c4d00000, 0x00000000c4e00000|  0%| F|  |TAMS 0x00000000c4d00000, 0x00000000c4d00000| Untracked 
|  78|0x00000000c4e00000, 0x00000000c4e00000, 0x00000000c4f00000|  0%| F|  |TAMS 0x00000000c4e00000, 0x00000000c4e00000| Untracked 
|  79|0x00000000c4f00000, 0x00000000c4f00000, 0x00000000c5000000|  0%| F|  |TAMS 0x00000000c4f00000, 0x00000000c4f00000| Untracked 
|  80|0x00000000c5000000, 0x00000000c5000000, 0x00000000c5100000|  0%| F|  |TAMS 0x00000000c5000000, 0x00000000c5000000| Untracked 
|  81|0x00000000c5100000, 0x00000000c5100000, 0x00000000c5200000|  0%| F|  |TAMS 0x00000000c5100000, 0x00000000c5100000| Untracked 
|  82|0x00000000c5200000, 0x00000000c5200000, 0x00000000c5300000|  0%| F|  |TAMS 0x00000000c5200000, 0x00000000c5200000| Untracked 
| 163|0x00000000ca300000, 0x00000000ca300000, 0x00000000ca400000|  0%| F|  |TAMS 0x00000000ca300000, 0x00000000ca300000| Untracked 
| 164|0x00000000ca400000, 0x00000000ca400000, 0x00000000ca500000|  0%| F|  |TAMS 0x00000000ca400000, 0x00000000ca400000| Untracked 
| 166|0x00000000ca600000, 0x00000000ca600000, 0x00000000ca700000|  0%| F|  |TAMS 0x00000000ca600000, 0x00000000ca600000| Untracked 
| 167|0x00000000ca700000, 0x00000000ca700000, 0x00000000ca800000|  0%| F|  |TAMS 0x00000000ca700000, 0x00000000ca700000| Untracked 
| 168|0x00000000ca800000, 0x00000000ca800000, 0x00000000ca900000|  0%| F|  |TAMS 0x00000000ca800000, 0x00000000ca800000| Untracked 
| 187|0x00000000cbb00000, 0x00000000cbb058a8, 0x00000000cbc00000|  2%| E|  |TAMS 0x00000000cbb00000, 0x00000000cbb00000| Complete 

Card table byte_map: [0x000001e4de430000,0x000001e4de630000] _byte_map_base: 0x000001e4dde30000

Marking Bits (Prev, Next): (CMBitMap*) 0x000001e4d84c65b0, (CMBitMap*) 0x000001e4d84c6570
 Prev Bits: [0x000001e4df830000, 0x000001e4e0830000)
 Next Bits: [0x000001e4de830000, 0x000001e4df830000)

Polling page: 0x000001e4d63b0000

Metaspace:

Usage:
  Non-class:     52.23 MB used.
      Class:      7.51 MB used.
       Both:     59.74 MB used.

Virtual space:
  Non-class space:       64.00 MB reserved,      52.50 MB ( 82%) committed,  1 nodes.
      Class space:        1.00 GB reserved,       7.69 MB ( <1%) committed,  1 nodes.
             Both:        1.06 GB reserved,      60.19 MB (  6%) committed. 

Chunk freelists:
   Non-Class:  11.13 MB
       Class:  8.20 MB
        Both:  19.33 MB

MaxMetaspaceSize: unlimited
CompressedClassSpaceSize: 1.00 GB
Initial GC threshold: 21.00 MB
Current GC threshold: 100.31 MB
CDS: off
MetaspaceReclaimPolicy: balanced
 - commit_granule_bytes: 65536.
 - commit_granule_words: 8192.
 - virtual_space_node_default_size: 8388608.
 - enlarge_chunks_in_place: 1.
 - new_chunks_are_fully_committed: 0.
 - uncommit_free_chunks: 1.
 - use_allocation_guard: 0.
 - handle_deallocations: 1.


Internal statistics:

num_allocs_failed_limit: 6.
num_arena_births: 870.
num_arena_deaths: 362.
num_vsnodes_births: 2.
num_vsnodes_deaths: 0.
num_space_committed: 962.
num_space_uncommitted: 0.
num_chunks_returned_to_freelist: 434.
num_chunks_taken_from_freelist: 2950.
num_chunk_merges: 136.
num_chunk_splits: 1866.
num_chunks_enlarged: 1362.
num_inconsistent_stats: 0.

CodeCache: size=49152Kb used=20291Kb max_used=21743Kb free=28860Kb
 bounds [0x000001e4db120000, 0x000001e4dc6a0000, 0x000001e4de120000]
 total_blobs=11076 nmethods=10419 adapters=581
 compilation: enabled
              stopped_count=0, restarted_count=0
 full_count=0

Compilation events (20 events):
Event: 5822.048 Thread 0x000001e4e32d2510 10564       1       java.lang.ProcessImpl$2::run (5 bytes)
Event: 5822.048 Thread 0x000001e4e32d2510 nmethod 10564 0x000001e4dc453c90 code [0x000001e4dc453e20, 0x000001e4dc453f08]
Event: 5822.048 Thread 0x000001e4e32d2510 10565       1       java.lang.ProcessImpl$2::run (242 bytes)
Event: 5822.048 Thread 0x000001e4e32d2510 nmethod 10565 0x000001e4dc452610 code [0x000001e4dc4528c0, 0x000001e4dc453658]
Event: 5822.048 Thread 0x000001e4e32d2510 10566       1       java.io.BufferedOutputStream::<init> (9 bytes)
Event: 5822.049 Thread 0x000001e4e32d2510 nmethod 10566 0x000001e4dc693790 code [0x000001e4dc693920, 0x000001e4dc693bf8]
Event: 5822.175 Thread 0x000001e4e32d2510 10567   !   1       java.io.FilterOutputStream::close (183 bytes)
Event: 5822.208 Thread 0x000001e4e32d2510 nmethod 10567 0x000001e4dc692610 code [0x000001e4dc692820, 0x000001e4dc692cf8]
Event: 5822.208 Thread 0x000001e4e32d2510 10572       1       java.lang.ProcessImpl$$Lambda$1350/0x0000000100755f18::run (8 bytes)
Event: 5822.208 Thread 0x000001e4e32d2510 nmethod 10572 0x000001e4dc692310 code [0x000001e4dc6924a0, 0x000001e4dc692588]
Event: 5822.208 Thread 0x000001e4e32d2510 10573       1       java.lang.ProcessImpl::lambda$new$0 (6 bytes)
Event: 5822.208 Thread 0x000001e4e32d2510 nmethod 10573 0x000001e4dc692010 code [0x000001e4dc6921a0, 0x000001e4dc692268]
Event: 5822.208 Thread 0x000001e4e32d2510 10568   !   1       java.io.FileOutputStream::close (69 bytes)
Event: 5822.208 Thread 0x000001e4e32d2510 nmethod 10568 0x000001e4dc691990 code [0x000001e4dc691b60, 0x000001e4dc691ed8]
Event: 5822.208 Thread 0x000001e4e32d2510 10569       1       java.io.FileOutputStream$1::<init> (10 bytes)
Event: 5822.208 Thread 0x000001e4e32d2510 nmethod 10569 0x000001e4dc691690 code [0x000001e4dc691820, 0x000001e4dc691938]
Event: 5822.208 Thread 0x000001e4e32d2510 10570       1       java.io.FileOutputStream$1::close (11 bytes)
Event: 5822.208 Thread 0x000001e4e32d2510 nmethod 10570 0x000001e4dc691010 code [0x000001e4dc6911c0, 0x000001e4dc6914d8]
Event: 7131.560 Thread 0x000001e4e32d2510 10575       1       java.lang.ProcessImpl::waitFor (136 bytes)
Event: 7131.561 Thread 0x000001e4e32d2510 nmethod 10575 0x000001e4dc690390 code [0x000001e4dc6905a0, 0x000001e4dc6909b8]

GC Heap History (20 events):
Event: 9199.299 GC heap after
{Heap after GC invocations=688 (full 586):
 garbage-first heap   total 91136K, used 38468K [0x00000000c0000000, 0x0000000100000000)
  region size 1024K, 0 young (0K), 0 survivors (0K)
 Metaspace       used 61172K, committed 61632K, reserved 1114112K
  class space    used 7686K, committed 7872K, reserved 1048576K
}
Event: 9209.516 GC heap before
{Heap before GC invocations=688 (full 586):
 garbage-first heap   total 91136K, used 38468K [0x00000000c0000000, 0x0000000100000000)
  region size 1024K, 1 young (1024K), 0 survivors (0K)
 Metaspace       used 61172K, committed 61632K, reserved 1114112K
  class space    used 7686K, committed 7872K, reserved 1048576K
}
Event: 9209.578 GC heap after
{Heap after GC invocations=689 (full 587):
 garbage-first heap   total 91136K, used 38468K [0x00000000c0000000, 0x0000000100000000)
  region size 1024K, 0 young (0K), 0 survivors (0K)
 Metaspace       used 61172K, committed 61632K, reserved 1114112K
  class space    used 7686K, committed 7872K, reserved 1048576K
}
Event: 9219.799 GC heap before
{Heap before GC invocations=689 (full 587):
 garbage-first heap   total 91136K, used 38468K [0x00000000c0000000, 0x0000000100000000)
  region size 1024K, 1 young (1024K), 0 survivors (0K)
 Metaspace       used 61172K, committed 61632K, reserved 1114112K
  class space    used 7686K, committed 7872K, reserved 1048576K
}
Event: 9219.845 GC heap after
{Heap after GC invocations=690 (full 588):
 garbage-first heap   total 91136K, used 38468K [0x00000000c0000000, 0x0000000100000000)
  region size 1024K, 0 young (0K), 0 survivors (0K)
 Metaspace       used 61172K, committed 61632K, reserved 1114112K
  class space    used 7686K, committed 7872K, reserved 1048576K
}
Event: 9230.073 GC heap before
{Heap before GC invocations=690 (full 588):
 garbage-first heap   total 91136K, used 38468K [0x00000000c0000000, 0x0000000100000000)
  region size 1024K, 1 young (1024K), 0 survivors (0K)
 Metaspace       used 61172K, committed 61632K, reserved 1114112K
  class space    used 7686K, committed 7872K, reserved 1048576K
}
Event: 9230.123 GC heap after
{Heap after GC invocations=691 (full 589):
 garbage-first heap   total 91136K, used 38468K [0x00000000c0000000, 0x0000000100000000)
  region size 1024K, 0 young (0K), 0 survivors (0K)
 Metaspace       used 61172K, committed 61632K, reserved 1114112K
  class space    used 7686K, committed 7872K, reserved 1048576K
}
Event: 9240.359 GC heap before
{Heap before GC invocations=691 (full 589):
 garbage-first heap   total 91136K, used 38468K [0x00000000c0000000, 0x0000000100000000)
  region size 1024K, 1 young (1024K), 0 survivors (0K)
 Metaspace       used 61172K, committed 61632K, reserved 1114112K
  class space    used 7686K, committed 7872K, reserved 1048576K
}
Event: 9240.404 GC heap after
{Heap after GC invocations=692 (full 590):
 garbage-first heap   total 91136K, used 38468K [0x00000000c0000000, 0x0000000100000000)
  region size 1024K, 0 young (0K), 0 survivors (0K)
 Metaspace       used 61172K, committed 61632K, reserved 1114112K
  class space    used 7686K, committed 7872K, reserved 1048576K
}
Event: 9250.607 GC heap before
{Heap before GC invocations=692 (full 590):
 garbage-first heap   total 91136K, used 38468K [0x00000000c0000000, 0x0000000100000000)
  region size 1024K, 1 young (1024K), 0 survivors (0K)
 Metaspace       used 61172K, committed 61632K, reserved 1114112K
  class space    used 7686K, committed 7872K, reserved 1048576K
}
Event: 9250.662 GC heap after
{Heap after GC invocations=693 (full 591):
 garbage-first heap   total 91136K, used 38468K [0x00000000c0000000, 0x0000000100000000)
  region size 1024K, 0 young (0K), 0 survivors (0K)
 Metaspace       used 61172K, committed 61632K, reserved 1114112K
  class space    used 7686K, committed 7872K, reserved 1048576K
}
Event: 9260.919 GC heap before
{Heap before GC invocations=693 (full 591):
 garbage-first heap   total 91136K, used 38468K [0x00000000c0000000, 0x0000000100000000)
  region size 1024K, 1 young (1024K), 0 survivors (0K)
 Metaspace       used 61172K, committed 61632K, reserved 1114112K
  class space    used 7686K, committed 7872K, reserved 1048576K
}
Event: 9260.971 GC heap after
{Heap after GC invocations=694 (full 592):
 garbage-first heap   total 91136K, used 38468K [0x00000000c0000000, 0x0000000100000000)
  region size 1024K, 0 young (0K), 0 survivors (0K)
 Metaspace       used 61172K, committed 61632K, reserved 1114112K
  class space    used 7686K, committed 7872K, reserved 1048576K
}
Event: 9271.159 GC heap before
{Heap before GC invocations=694 (full 592):
 garbage-first heap   total 91136K, used 38468K [0x00000000c0000000, 0x0000000100000000)
  region size 1024K, 1 young (1024K), 0 survivors (0K)
 Metaspace       used 61172K, committed 61632K, reserved 1114112K
  class space    used 7686K, committed 7872K, reserved 1048576K
}
Event: 9271.226 GC heap after
{Heap after GC invocations=695 (full 593):
 garbage-first heap   total 91136K, used 38468K [0x00000000c0000000, 0x0000000100000000)
  region size 1024K, 0 young (0K), 0 survivors (0K)
 Metaspace       used 61172K, committed 61632K, reserved 1114112K
  class space    used 7686K, committed 7872K, reserved 1048576K
}
Event: 9281.426 GC heap before
{Heap before GC invocations=695 (full 593):
 garbage-first heap   total 91136K, used 38468K [0x00000000c0000000, 0x0000000100000000)
  region size 1024K, 1 young (1024K), 0 survivors (0K)
 Metaspace       used 61172K, committed 61632K, reserved 1114112K
  class space    used 7686K, committed 7872K, reserved 1048576K
}
Event: 9281.480 GC heap after
{Heap after GC invocations=696 (full 594):
 garbage-first heap   total 91136K, used 38468K [0x00000000c0000000, 0x0000000100000000)
  region size 1024K, 0 young (0K), 0 survivors (0K)
 Metaspace       used 61172K, committed 61632K, reserved 1114112K
  class space    used 7686K, committed 7872K, reserved 1048576K
}
Event: 9291.684 GC heap before
{Heap before GC invocations=696 (full 594):
 garbage-first heap   total 91136K, used 38468K [0x00000000c0000000, 0x0000000100000000)
  region size 1024K, 1 young (1024K), 0 survivors (0K)
 Metaspace       used 61172K, committed 61632K, reserved 1114112K
  class space    used 7686K, committed 7872K, reserved 1048576K
}
Event: 9291.728 GC heap after
{Heap after GC invocations=697 (full 595):
 garbage-first heap   total 91136K, used 38468K [0x00000000c0000000, 0x0000000100000000)
  region size 1024K, 0 young (0K), 0 survivors (0K)
 Metaspace       used 61172K, committed 61632K, reserved 1114112K
  class space    used 7686K, committed 7872K, reserved 1048576K
}
Event: 9302.016 GC heap before
{Heap before GC invocations=697 (full 595):
 garbage-first heap   total 91136K, used 38468K [0x00000000c0000000, 0x0000000100000000)
  region size 1024K, 1 young (1024K), 0 survivors (0K)
 Metaspace       used 61172K, committed 61632K, reserved 1114112K
  class space    used 7686K, committed 7872K, reserved 1048576K
}

Dll operation events (10 events):
Event: 0.050 Loaded shared library c:\Users\usuario\.vscode\extensions\redhat.java-1.35.1-win32-x64\jre\17.0.12-win32-x86_64\bin\java.dll
Event: 0.445 Loaded shared library C:\Users\usuario\.vscode\extensions\redhat.java-1.35.1-win32-x64\jre\17.0.12-win32-x86_64\bin\net.dll
Event: 0.448 Loaded shared library C:\Users\usuario\.vscode\extensions\redhat.java-1.35.1-win32-x64\jre\17.0.12-win32-x86_64\bin\nio.dll
Event: 0.471 Loaded shared library C:\Users\usuario\.vscode\extensions\redhat.java-1.35.1-win32-x64\jre\17.0.12-win32-x86_64\bin\zip.dll
Event: 1.548 Loaded shared library C:\Users\usuario\.vscode\extensions\redhat.java-1.35.1-win32-x64\jre\17.0.12-win32-x86_64\bin\jimage.dll
Event: 3.507 Loaded shared library c:\Users\usuario\.vscode\extensions\redhat.java-1.35.1-win32-x64\jre\17.0.12-win32-x86_64\bin\verify.dll
Event: 5.898 Loaded shared library C:\Users\usuario\.vscode\extensions\redhat.java-1.35.1-win32-x64\jre\17.0.12-win32-x86_64\bin\management.dll
Event: 5.902 Loaded shared library C:\Users\usuario\.vscode\extensions\redhat.java-1.35.1-win32-x64\jre\17.0.12-win32-x86_64\bin\management_ext.dll
Event: 7.115 Loaded shared library C:\Users\usuario\.vscode\extensions\redhat.java-1.35.1-win32-x64\jre\17.0.12-win32-x86_64\bin\sunmscapi.dll
Event: 7.688 Loaded shared library C:\Users\usuario\.vscode\extensions\redhat.java-1.35.1-win32-x64\jre\17.0.12-win32-x86_64\bin\extnet.dll

Deoptimization events (20 events):
Event: 9.026 Thread 0x000001e4e8f8f570 DEOPT PACKING pc=0x000001e4db7f6d24 sp=0x0000006958bfebf0
Event: 9.026 Thread 0x000001e4e8f8f570 DEOPT UNPACKING pc=0x000001e4db17ace3 sp=0x0000006958bfe0d8 mode 0
Event: 9.030 Thread 0x000001e4e8f8ff90 DEOPT PACKING pc=0x000001e4db7f6d24 sp=0x0000006957ffe940
Event: 9.030 Thread 0x000001e4e8f8ff90 DEOPT UNPACKING pc=0x000001e4db17ace3 sp=0x0000006957ffde28 mode 0
Event: 9.030 Thread 0x000001e4e8f8ff90 DEOPT PACKING pc=0x000001e4db7f6d24 sp=0x0000006957ffeed0
Event: 9.030 Thread 0x000001e4e8f8ff90 DEOPT UNPACKING pc=0x000001e4db17ace3 sp=0x0000006957ffe3b8 mode 0
Event: 9.034 Thread 0x000001e4e8f8e640 DEOPT PACKING pc=0x000001e4db7f6d24 sp=0x00000069581feab0
Event: 9.034 Thread 0x000001e4e8f8e640 DEOPT UNPACKING pc=0x000001e4db17ace3 sp=0x00000069581fdf98 mode 0
Event: 9.034 Thread 0x000001e4e8f8e640 DEOPT PACKING pc=0x000001e4db7f6d24 sp=0x00000069581ff040
Event: 9.034 Thread 0x000001e4e8f8e640 DEOPT UNPACKING pc=0x000001e4db17ace3 sp=0x00000069581fe528 mode 0
Event: 9.080 Thread 0x000001e4e8f904a0 DEOPT PACKING pc=0x000001e4db7f6d24 sp=0x0000006957aff240
Event: 9.081 Thread 0x000001e4e8f904a0 DEOPT UNPACKING pc=0x000001e4db17ace3 sp=0x0000006957afe728 mode 0
Event: 9.088 Thread 0x000001e4e8f8bdc0 DEOPT PACKING pc=0x000001e4db7f6d24 sp=0x00000069579fecd0
Event: 9.088 Thread 0x000001e4e8f8bdc0 DEOPT UNPACKING pc=0x000001e4db17ace3 sp=0x00000069579fe1b8 mode 0
Event: 77.115 Thread 0x000001e4e8bd3300 DEOPT PACKING pc=0x000001e4dbb8fed4 sp=0x0000006956cff1f0
Event: 77.115 Thread 0x000001e4e8bd3300 DEOPT UNPACKING pc=0x000001e4db17ace3 sp=0x0000006956cfe698 mode 0
Event: 229.972 Thread 0x000001e4e8f91df0 DEOPT PACKING pc=0x000001e4db281d26 sp=0x00000069546fe230
Event: 229.972 Thread 0x000001e4e8f91df0 DEOPT UNPACKING pc=0x000001e4db17ace3 sp=0x00000069546fd7c8 mode 0
Event: 258.159 Thread 0x000001e4e88c55f0 DEOPT PACKING pc=0x000001e4dbbed2fc sp=0x00000069568fdec0
Event: 258.159 Thread 0x000001e4e88c55f0 DEOPT UNPACKING pc=0x000001e4db17ace3 sp=0x00000069568fd380 mode 0

Classes loaded (20 events):
Event: 214.191 Loading class java/util/stream/SpinedBuffer$OfInt done
Event: 214.191 Loading class java/util/stream/Nodes$IntSpinedNodeBuilder done
Event: 257.166 Loading class sun/util/resources/LocaleData$CommonResourceBundleProvider
Event: 257.166 Loading class sun/util/resources/LocaleData$LocaleDataResourceBundleProvider
Event: 257.166 Loading class java/util/spi/ResourceBundleProvider
Event: 257.166 Loading class java/util/spi/ResourceBundleProvider done
Event: 257.166 Loading class sun/util/resources/LocaleData$LocaleDataResourceBundleProvider done
Event: 257.166 Loading class sun/util/resources/LocaleData$CommonResourceBundleProvider done
Event: 257.167 Loading class java/util/ArrayList$SubList$1
Event: 257.167 Loading class java/util/ArrayList$SubList$1 done
Event: 257.167 Loading class sun/util/resources/Bundles$2
Event: 257.168 Loading class sun/util/resources/Bundles$2 done
Event: 257.178 Loading class java/util/stream/ReduceOps$7
Event: 257.184 Loading class java/util/stream/ReduceOps$7 done
Event: 257.184 Loading class java/util/stream/ReduceOps$6ReducingSink
Event: 257.184 Loading class java/util/stream/ReduceOps$6ReducingSink done
Event: 259.609 Loading class java/util/concurrent/ConcurrentHashMap$TreeNode
Event: 259.609 Loading class java/util/concurrent/ConcurrentHashMap$TreeNode done
Event: 259.609 Loading class java/util/concurrent/ConcurrentHashMap$TreeBin
Event: 259.610 Loading class java/util/concurrent/ConcurrentHashMap$TreeBin done

Classes unloaded (20 events):
Event: 2288.071 Thread 0x000001e4e3287540 Unloading class 0x0000000100088400 'jdk/internal/reflect/GeneratedConstructorAccessor61'
Event: 2288.071 Thread 0x000001e4e3287540 Unloading class 0x0000000100088c00 'jdk/internal/reflect/GeneratedMethodAccessor37'
Event: 2288.071 Thread 0x000001e4e3287540 Unloading class 0x00000001005d0c00 'jdk/internal/reflect/GeneratedConstructorAccessor60'
Event: 2288.071 Thread 0x000001e4e3287540 Unloading class 0x0000000100348400 'jdk/internal/reflect/GeneratedMethodAccessor36'
Event: 2288.071 Thread 0x000001e4e3287540 Unloading class 0x0000000100216400 'jdk/internal/reflect/GeneratedMethodAccessor35'
Event: 2288.071 Thread 0x000001e4e3287540 Unloading class 0x0000000100215800 'jdk/internal/reflect/GeneratedMethodAccessor34'
Event: 2625.311 Thread 0x000001e4e3287540 Unloading class 0x0000000100215800 'jdk/internal/reflect/GeneratedMethodAccessor45'
Event: 2625.311 Thread 0x000001e4e3287540 Unloading class 0x0000000100216400 'jdk/internal/reflect/GeneratedConstructorAccessor66'
Event: 2625.311 Thread 0x000001e4e3287540 Unloading class 0x0000000100348400 'jdk/internal/reflect/GeneratedMethodAccessor44'
Event: 2625.311 Thread 0x000001e4e3287540 Unloading class 0x00000001005d0c00 'jdk/internal/reflect/GeneratedConstructorAccessor65'
Event: 2625.311 Thread 0x000001e4e3287540 Unloading class 0x0000000100088c00 'jdk/internal/reflect/GeneratedMethodAccessor43'
Event: 2625.311 Thread 0x000001e4e3287540 Unloading class 0x0000000100088400 'jdk/internal/reflect/GeneratedMethodAccessor42'
Event: 2625.311 Thread 0x000001e4e3287540 Unloading class 0x00000001007c1800 'jdk/internal/reflect/GeneratedMethodAccessor41'
Event: 3719.696 Thread 0x000001e4e3287540 Unloading class 0x00000001007c1800 'jdk/internal/reflect/GeneratedMethodAccessor50'
Event: 3719.696 Thread 0x000001e4e3287540 Unloading class 0x0000000100088400 'jdk/internal/reflect/GeneratedConstructorAccessor68'
Event: 3719.696 Thread 0x000001e4e3287540 Unloading class 0x0000000100088c00 'jdk/internal/reflect/GeneratedMethodAccessor49'
Event: 3719.696 Thread 0x000001e4e3287540 Unloading class 0x00000001005d0c00 'jdk/internal/reflect/GeneratedConstructorAccessor67'
Event: 3719.696 Thread 0x000001e4e3287540 Unloading class 0x0000000100348400 'jdk/internal/reflect/GeneratedMethodAccessor48'
Event: 3719.696 Thread 0x000001e4e3287540 Unloading class 0x0000000100216400 'jdk/internal/reflect/GeneratedMethodAccessor47'
Event: 3719.696 Thread 0x000001e4e3287540 Unloading class 0x0000000100215800 'jdk/internal/reflect/GeneratedMethodAccessor46'

Classes redefined (0 events):
No events

Internal exceptions (20 events):
Event: 6.613 Thread 0x000001e4e8bd23d0 Exception <a 'sun/nio/fs/WindowsException'{0x00000000c3d4f378}> (0x00000000c3d4f378) 
thrown [s\src\hotspot\share\prims\jni.cpp, line 516]
Event: 6.876 Thread 0x000001e4e8f8c7e0 Exception <a 'java/lang/NoSuchMethodError'{0x00000000ca8cd970}: 'java.lang.Object java.lang.invoke.Invokers$Holder.invoke_MT(java.lang.Object, java.lang.Object, java.lang.Object)'> (0x00000000ca8cd970) 
thrown [s\src\hotspot\share\interpreter\linkResolver.cpp, line 759]
Event: 6.997 Thread 0x000001e4e8f8dc20 Exception <a 'java/lang/NoSuchMethodError'{0x00000000c3f74ab0}: 'java.lang.Object java.lang.invoke.DirectMethodHandle$Holder.newInvokeSpecial(java.lang.Object, java.lang.Object, java.lang.Object, java.lang.Object, java.lang.Object, long)'> (0x00000000c3f74ab0) 
thrown [s\src\hotspot\share\interpreter\linkResolver.cpp, line 759]
Event: 6.997 Thread 0x000001e4e8f8dc20 Exception <a 'java/lang/NoSuchMethodError'{0x00000000c3f79120}: 'java.lang.Object java.lang.invoke.DirectMethodHandle$Holder.invokeSpecial(java.lang.Object, java.lang.Object, java.lang.Object, java.lang.Object, java.lang.Object, java.lang.Object, long)'> (0x00000000c3f79120) 
thrown [s\src\hotspot\share\interpreter\linkResolver.cpp, line 759]
Event: 7.012 Thread 0x000001e4e8f91df0 Exception <a 'java/lang/NoSuchMethodError'{0x00000000c3d25da0}: 'void java.lang.invoke.DirectMethodHandle$Holder.invokeVirtual(java.lang.Object, java.lang.Object, java.lang.Object, java.lang.Object)'> (0x00000000c3d25da0) 
thrown [s\src\hotspot\share\interpreter\linkResolver.cpp, line 759]
Event: 7.088 Thread 0x000001e4e8f91df0 Exception <a 'java/lang/NoSuchMethodError'{0x00000000c3b48dd8}: 'java.lang.Object java.lang.invoke.DirectMethodHandle$Holder.invokeStaticInit(java.lang.Object, java.lang.Object, int)'> (0x00000000c3b48dd8) 
thrown [s\src\hotspot\share\interpreter\linkResolver.cpp, line 759]
Event: 7.089 Thread 0x000001e4e8f91df0 Exception <a 'java/lang/NoSuchMethodError'{0x00000000c3b4f020}: 'java.lang.Object java.lang.invoke.DirectMethodHandle$Holder.newInvokeSpecial(java.lang.Object, java.lang.Object, int)'> (0x00000000c3b4f020) 
thrown [s\src\hotspot\share\interpreter\linkResolver.cpp, line 759]
Event: 7.102 Thread 0x000001e4e8f91df0 Exception <a 'java/lang/NoSuchMethodError'{0x00000000c3a11168}: 'int java.lang.invoke.DirectMethodHandle$Holder.invokeSpecialIFC(java.lang.Object, java.lang.Object, java.lang.Object)'> (0x00000000c3a11168) 
thrown [s\src\hotspot\share\interpreter\linkResolver.cpp, line 759]
Event: 7.177 Thread 0x000001e4e8f91df0 Exception <a 'sun/nio/fs/WindowsException'{0x00000000c37a5458}> (0x00000000c37a5458) 
thrown [s\src\hotspot\share\prims\jni.cpp, line 516]
Event: 7.964 Thread 0x000001e4e8f91df0 Exception <a 'java/lang/NoSuchMethodError'{0x00000000c3ac4d48}: 'void java.lang.invoke.DirectMethodHandle$Holder.invokeStatic(java.lang.Object, java.lang.Object, java.lang.Object, java.lang.Object, java.lang.Object, java.lang.Object, java.lang.Object)'> (0x00000000c3ac4d48) 
thrown [s\src\hotspot\share\interpreter\linkResolver.cpp, line 759]
Event: 8.158 Thread 0x000001e4e8f8c7e0 Exception <a 'java/lang/IncompatibleClassChangeError'{0x00000000ca4ec5f8}: Found class java.lang.Object, but interface was expected> (0x00000000ca4ec5f8) 
thrown [s\src\hotspot\share\interpreter\linkResolver.cpp, line 826]
Event: 8.311 Thread 0x000001e4e8f8eb50 Exception <a 'java/lang/NoSuchMethodError'{0x00000000c4880370}: 'int java.lang.invoke.DirectMethodHandle$Holder.invokeStatic(java.lang.Object, int, java.lang.Object)'> (0x00000000c4880370) 
thrown [s\src\hotspot\share\interpreter\linkResolver.cpp, line 759]
Event: 8.667 Thread 0x000001e4e8f8c7e0 Exception <a 'java/lang/NoSuchMethodError'{0x00000000cbb53490}: 'java.lang.Object java.lang.invoke.DirectMethodHandle$Holder.newInvokeSpecial(java.lang.Object, java.lang.Object, java.lang.Object, java.lang.Object, int)'> (0x00000000cbb53490) 
thrown [s\src\hotspot\share\interpreter\linkResolver.cpp, line 759]
Event: 8.667 Thread 0x000001e4e8f8c7e0 Exception <a 'java/lang/NoSuchMethodError'{0x00000000cbb576d0}: 'java.lang.Object java.lang.invoke.DirectMethodHandle$Holder.invokeSpecial(java.lang.Object, java.lang.Object, java.lang.Object, java.lang.Object, java.lang.Object, int)'> (0x00000000cbb576d0) 
thrown [s\src\hotspot\share\interpreter\linkResolver.cpp, line 759]
Event: 8.668 Thread 0x000001e4e8f8c7e0 Exception <a 'java/lang/NoSuchMethodError'{0x00000000cbb5b1b8}: 'java.lang.Object java.lang.invoke.Invokers$Holder.linkToTargetMethod(java.lang.Object, java.lang.Object, java.lang.Object, int, java.lang.Object)'> (0x00000000cbb5b1b8) 
thrown [s\src\hotspot\share\interpreter\linkResolver.cpp, line 759]
Event: 8.821 Thread 0x000001e4e8f92300 Exception <a 'java/lang/NoSuchMethodError'{0x00000000ca3dad58}: 'void java.lang.invoke.DirectMethodHandle$Holder.invokeInterface(java.lang.Object, java.lang.Object)'> (0x00000000ca3dad58) 
thrown [s\src\hotspot\share\interpreter\linkResolver.cpp, line 759]
Event: 66.029 Thread 0x000001e4e8bd28e0 Exception <a 'java/lang/NoSuchMethodError'{0x00000000ca6ceed8}: 'void java.lang.invoke.DirectMethodHandle$Holder.invokeStatic(java.lang.Object, long)'> (0x00000000ca6ceed8) 
thrown [s\src\hotspot\share\interpreter\linkResolver.cpp, line 759]
Event: 66.030 Thread 0x000001e4e8bd28e0 Exception <a 'java/lang/NoSuchMethodError'{0x00000000ca6d4288}: 'java.lang.Object java.lang.invoke.DirectMethodHandle$Holder.newInvokeSpecial(java.lang.Object, long)'> (0x00000000ca6d4288) 
thrown [s\src\hotspot\share\interpreter\linkResolver.cpp, line 759]
Event: 2778.810 Thread 0x000001e4e8f91df0 Implicit null exception at 0x000001e4dc3c2337 to 0x000001e4dc3c245a
Event: 2778.810 Thread 0x000001e4e8f91df0 Exception <a 'java/lang/NullPointerException'{0x00000000c4b122d0}> (0x00000000c4b122d0) 
thrown [s\src\hotspot\share\runtime\sharedRuntime.cpp, line 631]

VM Operations (20 events):
Event: 9199.299 Executing VM operation: G1CollectFull done
Event: 9209.516 Executing VM operation: G1CollectFull
Event: 9209.578 Executing VM operation: G1CollectFull done
Event: 9219.799 Executing VM operation: G1CollectFull
Event: 9219.845 Executing VM operation: G1CollectFull done
Event: 9230.073 Executing VM operation: G1CollectFull
Event: 9230.123 Executing VM operation: G1CollectFull done
Event: 9240.359 Executing VM operation: G1CollectFull
Event: 9240.404 Executing VM operation: G1CollectFull done
Event: 9250.607 Executing VM operation: G1CollectFull
Event: 9250.662 Executing VM operation: G1CollectFull done
Event: 9260.919 Executing VM operation: G1CollectFull
Event: 9260.971 Executing VM operation: G1CollectFull done
Event: 9271.159 Executing VM operation: G1CollectFull
Event: 9271.226 Executing VM operation: G1CollectFull done
Event: 9281.426 Executing VM operation: G1CollectFull
Event: 9281.480 Executing VM operation: G1CollectFull done
Event: 9291.684 Executing VM operation: G1CollectFull
Event: 9291.728 Executing VM operation: G1CollectFull done
Event: 9302.016 Executing VM operation: G1CollectFull

Events (20 events):
Event: 2638.852 Thread 0x000001e4e8f8b3a0 Thread exited: 0x000001e4e8f8b3a0
Event: 2643.304 Thread 0x000001e4e8f8e640 Thread exited: 0x000001e4e8f8e640
Event: 2698.861 Thread 0x000001e4e8f8f060 Thread exited: 0x000001e4e8f8f060
Event: 2746.099 Thread 0x000001e4e8f8b3a0 Thread added: 0x000001e4e8f8b3a0
Event: 2746.100 Thread 0x000001e4e8f91df0 Thread added: 0x000001e4e8f91df0
Event: 2746.104 Thread 0x000001e4e8f904a0 Thread added: 0x000001e4e8f904a0
Event: 2755.973 Thread 0x000001e4e8f92300 Thread added: 0x000001e4e8f92300
Event: 2763.292 Thread 0x000001e4e8f8d200 Thread added: 0x000001e4e8f8d200
Event: 2846.779 Thread 0x000001e4e8f8e640 Thread added: 0x000001e4e8f8e640
Event: 3693.927 Thread 0x000001e4e8f91df0 Thread exited: 0x000001e4e8f91df0
Event: 3708.051 Thread 0x000001e4e8f8c7e0 Thread exited: 0x000001e4e8f8c7e0
Event: 3728.119 Thread 0x000001e4e8f8b3a0 Thread exited: 0x000001e4e8f8b3a0
Event: 3728.119 Thread 0x000001e4e8f8e640 Thread exited: 0x000001e4e8f8e640
Event: 3728.119 Thread 0x000001e4e8f904a0 Thread exited: 0x000001e4e8f904a0
Event: 3768.058 Thread 0x000001e4e8f8d200 Thread exited: 0x000001e4e8f8d200
Event: 3828.061 Thread 0x000001e4e8f92300 Thread exited: 0x000001e4e8f92300
Event: 3888.072 Thread 0x000001e4e8f8ff90 Thread exited: 0x000001e4e8f8ff90
Event: 3948.076 Thread 0x000001e4e88c50e0 Thread exited: 0x000001e4e88c50e0
Event: 4008.081 Thread 0x000001e4e88c6a30 Thread exited: 0x000001e4e88c6a30
Event: 4068.083 Thread 0x000001e4e88c5b00 Thread exited: 0x000001e4e88c5b00


Dynamic libraries:
0x00007ff75b580000 - 0x00007ff75b58e000 	c:\Users\usuario\.vscode\extensions\redhat.java-1.35.1-win32-x64\jre\17.0.12-win32-x86_64\bin\java.exe
0x00007ffa615f0000 - 0x00007ffa61807000 	C:\WINDOWS\SYSTEM32\ntdll.dll
0x00007ffa60cb0000 - 0x00007ffa60d74000 	C:\WINDOWS\System32\KERNEL32.DLL
0x00007ffa5e980000 - 0x00007ffa5ed2d000 	C:\WINDOWS\System32\KERNELBASE.dll
0x00007ffa5ed30000 - 0x00007ffa5ee41000 	C:\WINDOWS\System32\ucrtbase.dll
0x00007ffa0ae90000 - 0x00007ffa0aea7000 	c:\Users\usuario\.vscode\extensions\redhat.java-1.35.1-win32-x64\jre\17.0.12-win32-x86_64\bin\jli.dll
0x00007ffa61010000 - 0x00007ffa611be000 	C:\WINDOWS\System32\USER32.dll
0x00007ffa5f150000 - 0x00007ffa5f176000 	C:\WINDOWS\System32\win32u.dll
0x00007ffa60f30000 - 0x00007ffa60f59000 	C:\WINDOWS\System32\GDI32.dll
0x00007ffa5f200000 - 0x00007ffa5f319000 	C:\WINDOWS\System32\gdi32full.dll
0x00007ffa5f0b0000 - 0x00007ffa5f14a000 	C:\WINDOWS\System32\msvcp_win.dll
0x00007ffa0a270000 - 0x00007ffa0a28b000 	c:\Users\usuario\.vscode\extensions\redhat.java-1.35.1-win32-x64\jre\17.0.12-win32-x86_64\bin\VCRUNTIME140.dll
0x00007ffa45d10000 - 0x00007ffa45fa3000 	C:\WINDOWS\WinSxS\amd64_microsoft.windows.common-controls_6595b64144ccf1df_6.0.22621.3672_none_2713b9d173822955\COMCTL32.dll
0x00007ffa60f60000 - 0x00007ffa61007000 	C:\WINDOWS\System32\msvcrt.dll
0x00007ffa5f580000 - 0x00007ffa5f5b1000 	C:\WINDOWS\System32\IMM32.DLL
0x00007ffa3d280000 - 0x00007ffa3d28c000 	c:\Users\usuario\.vscode\extensions\redhat.java-1.35.1-win32-x64\jre\17.0.12-win32-x86_64\bin\vcruntime140_1.dll
0x00007ff9f58c0000 - 0x00007ff9f594d000 	c:\Users\usuario\.vscode\extensions\redhat.java-1.35.1-win32-x64\jre\17.0.12-win32-x86_64\bin\msvcp140.dll
0x00007ff9f4850000 - 0x00007ff9f54ba000 	c:\Users\usuario\.vscode\extensions\redhat.java-1.35.1-win32-x64\jre\17.0.12-win32-x86_64\bin\server\jvm.dll
0x00007ffa5fde0000 - 0x00007ffa5fe92000 	C:\WINDOWS\System32\ADVAPI32.dll
0x00007ffa61500000 - 0x00007ffa615a9000 	C:\WINDOWS\System32\sechost.dll
0x00007ffa5ee50000 - 0x00007ffa5ee78000 	C:\WINDOWS\System32\bcrypt.dll
0x00007ffa60720000 - 0x00007ffa60834000 	C:\WINDOWS\System32\RPCRT4.dll
0x00007ffa61480000 - 0x00007ffa614f1000 	C:\WINDOWS\System32\WS2_32.dll
0x00007ffa5e7e0000 - 0x00007ffa5e82d000 	C:\WINDOWS\SYSTEM32\POWRPROF.dll
0x00007ffa567b0000 - 0x00007ffa567e4000 	C:\WINDOWS\SYSTEM32\WINMM.dll
0x00007ffa59c50000 - 0x00007ffa59c5a000 	C:\WINDOWS\SYSTEM32\VERSION.dll
0x00007ffa5e7c0000 - 0x00007ffa5e7d3000 	C:\WINDOWS\SYSTEM32\UMPDC.dll
0x00007ffa5d960000 - 0x00007ffa5d978000 	C:\WINDOWS\SYSTEM32\kernel.appcore.dll
0x00007ffa3d0f0000 - 0x00007ffa3d0fa000 	c:\Users\usuario\.vscode\extensions\redhat.java-1.35.1-win32-x64\jre\17.0.12-win32-x86_64\bin\jimage.dll
0x00007ffa5c1e0000 - 0x00007ffa5c412000 	C:\WINDOWS\SYSTEM32\DBGHELP.DLL
0x00007ffa5f5c0000 - 0x00007ffa5f94e000 	C:\WINDOWS\System32\combase.dll
0x00007ffa60bd0000 - 0x00007ffa60ca7000 	C:\WINDOWS\System32\OLEAUT32.dll
0x00007ffa33830000 - 0x00007ffa33862000 	C:\WINDOWS\SYSTEM32\dbgcore.DLL
0x00007ffa5f180000 - 0x00007ffa5f1fb000 	C:\WINDOWS\System32\bcryptPrimitives.dll
0x00007ffa091e0000 - 0x00007ffa09205000 	c:\Users\usuario\.vscode\extensions\redhat.java-1.35.1-win32-x64\jre\17.0.12-win32-x86_64\bin\java.dll
0x00007ff9fe240000 - 0x00007ff9fe258000 	c:\Users\usuario\.vscode\extensions\redhat.java-1.35.1-win32-x64\jre\17.0.12-win32-x86_64\bin\zip.dll
0x00007ffa5fea0000 - 0x00007ffa60707000 	C:\WINDOWS\System32\SHELL32.dll
0x00007ffa5c890000 - 0x00007ffa5d18f000 	C:\WINDOWS\SYSTEM32\windows.storage.dll
0x00007ffa5c750000 - 0x00007ffa5c88f000 	C:\WINDOWS\SYSTEM32\wintypes.dll
0x00007ffa5f320000 - 0x00007ffa5f419000 	C:\WINDOWS\System32\SHCORE.dll
0x00007ffa60e40000 - 0x00007ffa60e9e000 	C:\WINDOWS\System32\shlwapi.dll
0x00007ffa5e840000 - 0x00007ffa5e867000 	C:\WINDOWS\SYSTEM32\profapi.dll
0x00007ffa08bd0000 - 0x00007ffa08be9000 	C:\Users\usuario\.vscode\extensions\redhat.java-1.35.1-win32-x64\jre\17.0.12-win32-x86_64\bin\net.dll
0x00007ffa5a330000 - 0x00007ffa5a466000 	C:\WINDOWS\SYSTEM32\WINHTTP.dll
0x00007ffa5ddd0000 - 0x00007ffa5de39000 	C:\WINDOWS\system32\mswsock.dll
0x00007ffa05cd0000 - 0x00007ffa05ce6000 	C:\Users\usuario\.vscode\extensions\redhat.java-1.35.1-win32-x64\jre\17.0.12-win32-x86_64\bin\nio.dll
0x00007ffa3c650000 - 0x00007ffa3c660000 	c:\Users\usuario\.vscode\extensions\redhat.java-1.35.1-win32-x64\jre\17.0.12-win32-x86_64\bin\verify.dll
0x00007ffa5e030000 - 0x00007ffa5e04b000 	C:\WINDOWS\SYSTEM32\CRYPTSP.dll
0x00007ffa5d8c0000 - 0x00007ffa5d8f5000 	C:\WINDOWS\system32\rsaenh.dll
0x00007ffa5dec0000 - 0x00007ffa5dee8000 	C:\WINDOWS\SYSTEM32\USERENV.dll
0x00007ffa5e020000 - 0x00007ffa5e02c000 	C:\WINDOWS\SYSTEM32\CRYPTBASE.dll
0x00007ffa5d3e0000 - 0x00007ffa5d40d000 	C:\WINDOWS\SYSTEM32\IPHLPAPI.DLL
0x00007ffa5f950000 - 0x00007ffa5f959000 	C:\WINDOWS\System32\NSI.dll
0x00007ffa59a30000 - 0x00007ffa59a49000 	C:\WINDOWS\SYSTEM32\dhcpcsvc6.DLL
0x00007ffa59860000 - 0x00007ffa5987f000 	C:\WINDOWS\SYSTEM32\dhcpcsvc.DLL
0x00007ffa5d410000 - 0x00007ffa5d508000 	C:\WINDOWS\SYSTEM32\DNSAPI.dll
0x00007ffa56d20000 - 0x00007ffa56d29000 	C:\Users\usuario\.vscode\extensions\redhat.java-1.35.1-win32-x64\jre\17.0.12-win32-x86_64\bin\management.dll
0x00007ffa56d10000 - 0x00007ffa56d1b000 	C:\Users\usuario\.vscode\extensions\redhat.java-1.35.1-win32-x64\jre\17.0.12-win32-x86_64\bin\management_ext.dll
0x00007ffa60710000 - 0x00007ffa60718000 	C:\WINDOWS\System32\PSAPI.DLL
0x00007ffa56d00000 - 0x00007ffa56d0e000 	C:\Users\usuario\.vscode\extensions\redhat.java-1.35.1-win32-x64\jre\17.0.12-win32-x86_64\bin\sunmscapi.dll
0x00007ffa5ee80000 - 0x00007ffa5efe6000 	C:\WINDOWS\System32\CRYPT32.dll
0x00007ffa5e1e0000 - 0x00007ffa5e20e000 	C:\WINDOWS\SYSTEM32\ncrypt.dll
0x00007ffa5e1a0000 - 0x00007ffa5e1d7000 	C:\WINDOWS\SYSTEM32\NTASN1.dll
0x00007ff9a1da0000 - 0x00007ff9a1da8000 	C:\WINDOWS\system32\wshunix.dll
0x00007ffa56cf0000 - 0x00007ffa56cf9000 	C:\Users\usuario\.vscode\extensions\redhat.java-1.35.1-win32-x64\jre\17.0.12-win32-x86_64\bin\extnet.dll
0x00007ffa5a140000 - 0x00007ffa5a14a000 	C:\Windows\System32\rasadhlp.dll
0x00007ffa56300000 - 0x00007ffa56383000 	C:\WINDOWS\System32\fwpuclnt.dll

dbghelp: loaded successfully - version: 4.0.5 - missing functions: none
symbol engine: initialized successfully - sym options: 0x614 - pdb path: .;c:\Users\usuario\.vscode\extensions\redhat.java-1.35.1-win32-x64\jre\17.0.12-win32-x86_64\bin;C:\WINDOWS\SYSTEM32;C:\WINDOWS\WinSxS\amd64_microsoft.windows.common-controls_6595b64144ccf1df_6.0.22621.3672_none_2713b9d173822955;c:\Users\usuario\.vscode\extensions\redhat.java-1.35.1-win32-x64\jre\17.0.12-win32-x86_64\bin\server

VM Arguments:
jvm_args: -Xmx1024m -Dsts.lsp.client=vscode -Dsts.log.file=/dev/null -XX:TieredStopAtLevel=1 -Xlog:jni+resolve=off 
java_command: c:\Users\usuario\.vscode\extensions\vmware.vscode-spring-boot-1.57.0\language-server\spring-boot-language-server-1.57.0-SNAPSHOT-exec.jar
java_class_path (initial): c:\Users\usuario\.vscode\extensions\vmware.vscode-spring-boot-1.57.0\language-server\spring-boot-language-server-1.57.0-SNAPSHOT-exec.jar
Launcher Type: SUN_STANDARD

[Global flags]
     intx CICompilerCount                          = 4                                         {product} {ergonomic}
     uint ConcGCThreads                            = 2                                         {product} {ergonomic}
     uint G1ConcRefinementThreads                  = 8                                         {product} {ergonomic}
   size_t G1HeapRegionSize                         = 1048576                                   {product} {ergonomic}
    uintx GCDrainStackTargetSize                   = 64                                        {product} {ergonomic}
   size_t InitialHeapSize                          = 197132288                                 {product} {ergonomic}
   size_t MarkStackSize                            = 4194304                                   {product} {ergonomic}
   size_t MaxHeapSize                              = 1073741824                                {product} {command line}
   size_t MaxNewSize                               = 643825664                                 {product} {ergonomic}
   size_t MinHeapDeltaBytes                        = 1048576                                   {product} {ergonomic}
   size_t MinHeapSize                              = 8388608                                   {product} {ergonomic}
    uintx NonProfiledCodeHeapSize                  = 0                                      {pd product} {ergonomic}
     bool ProfileInterpreter                       = false                                  {pd product} {command line}
    uintx ProfiledCodeHeapSize                     = 0                                      {pd product} {ergonomic}
   size_t SoftMaxHeapSize                          = 1073741824                             {manageable} {ergonomic}
     intx TieredStopAtLevel                        = 1                                         {product} {command line}
     bool UseCompressedClassPointers               = true                           {product lp64_product} {ergonomic}
     bool UseCompressedOops                        = true                           {product lp64_product} {ergonomic}
     bool UseG1GC                                  = true                                      {product} {ergonomic}
     bool UseLargePagesIndividualAllocation        = false                                  {pd product} {ergonomic}

Logging:
Log output configuration:
 #0: stdout all=warning,jni+resolve=off uptime,level,tags
 #1: stderr all=off uptime,level,tags

Environment Variables:
PATH=C:\Program Files\Common Files\Oracle\Java\javapath;C:\ProgramData\Oracle\Java\javapath;C:\WINDOWS\system32;C:\WINDOWS;C:\WINDOWS\System32\Wbem;C:\WINDOWS\System32\WindowsPowerShell\v1.0\;C:\WINDOWS\System32\OpenSSH\;C:\Program Files\dotnet\;C:\Program Files\Git\cmd;C:\Users\usuario\AppData\Local\Microsoft\WindowsApps;;C:\Users\usuario\AppData\Local\Programs\Microsoft VS Code\bin
USERNAME=usuario
OS=Windows_NT
PROCESSOR_IDENTIFIER=Intel64 Family 6 Model 140 Stepping 1, GenuineIntel
TMP=C:\Users\usuario\AppData\Local\Temp
TEMP=C:\Users\usuario\AppData\Local\Temp



Periodic native trim disabled


---------------  S Y S T E M  ---------------

OS:
 Windows 11 , 64 bit Build 22621 (10.0.22621.3958)
OS uptime: 4 days 2:50 hours

CPU: total 8 (initial active 8) (4 cores per cpu, 2 threads per core) family 6 model 140 stepping 1 microcode 0xb4, cx8, cmov, fxsr, ht, mmx, 3dnowpref, sse, sse2, sse3, ssse3, sse4.1, sse4.2, popcnt, lzcnt, tsc, tscinvbit, avx, avx2, aes, erms, clmul, bmi1, bmi2, adx, avx512f, avx512dq, avx512cd, avx512bw, avx512vl, sha, fma, vzeroupper, avx512_vpopcntdq, avx512_vpclmulqdq, avx512_vaes, avx512_vnni, clflush, clflushopt, clwb, avx512_vbmi2, avx512_vbmi
Processor Information for processor 0
  Max Mhz: 2419, Current Mhz: 1209, Mhz Limit: 2419
Processor Information for processor 1
  Max Mhz: 2419, Current Mhz: 2419, Mhz Limit: 2419
Processor Information for processor 2
  Max Mhz: 2419, Current Mhz: 2419, Mhz Limit: 2419
Processor Information for processor 3
  Max Mhz: 2419, Current Mhz: 2419, Mhz Limit: 2419
Processor Information for processor 4
  Max Mhz: 2419, Current Mhz: 2419, Mhz Limit: 2419
Processor Information for processor 5
  Max Mhz: 2419, Current Mhz: 2419, Mhz Limit: 2419
Processor Information for processor 6
  Max Mhz: 2419, Current Mhz: 2419, Mhz Limit: 2419
Processor Information for processor 7
  Max Mhz: 2419, Current Mhz: 2419, Mhz Limit: 2419

Memory: 4k page, system-wide physical 12010M (1557M free)
TotalPageFile size 19352M (AvailPageFile size 7M)
current process WorkingSet (physical memory assigned to process): 103M, peak: 230M
current process commit charge ("private bytes"): 273M, peak: 297M

vm_info: OpenJDK 64-Bit Server VM (17.0.12+7) for windows-amd64 JRE (17.0.12+7), built on Jul 16 2024 22:08:24 by "admin" with MS VC++ 16.10 / 16.11 (VS2019)

END.
